nohup: ignoring input
txu_dict[0, 0] = {0, 1, 2, 3, 4, 5, 6, 7, 8, 9, 10, 12, 13, 14, 15, 16, 17, 18, 19, 21, 22, 23, 24, 25, 26, 27, 28, 29, 31, 32, 33, 34, 35, 36, 37, 38, 39, 40, 41, 42, 43, 44, 45, 46, 47, 48, 49}
txu_dict[0, 45] = {1, 2, 3, 4, 5, 6, 7, 8, 9, 10, 12, 13, 14, 15, 16, 17, 18, 19, 21, 22, 23, 24, 25, 26, 27, 28, 29, 31, 32, 33, 34, 35, 36, 37, 38, 39, 40, 41, 42, 43, 44, 45, 46, 47, 48, 49}
txu_dict[0, 1] = {1, 28}
txu_dict[0, 37] = {34, 3, 37, 38, 8, 9, 42, 19, 22, 24}
txu_dict[0, 40] = {1, 4, 40, 49, 28, 31}
txu_dict[0, 27] = set()
txu_dict[0, 28] = set()
txu_dict[0, 2] = {41, 2}
txu_dict[0, 18] = {27, 41, 18, 2}
txu_dict[0, 41] = set()
txu_dict[0, 21] = {29, 21, 14}
txu_dict[0, 3] = set()
txu_dict[0, 8] = set()
txu_dict[0, 31] = set()
txu_dict[0, 17] = set()
txu_dict[0, 22] = {3, 38, 8, 22, 24}
txu_dict[0, 4] = {4, 31}
txu_dict[0, 7] = set()
txu_dict[0, 5] = set()
txu_dict[0, 10] = {10, 5}
txu_dict[0, 48] = set()
txu_dict[0, 6] = {2, 6, 41, 44, 13, 48, 18, 27}
txu_dict[0, 44] = {2, 41, 44, 18, 27}
txu_dict[0, 14] = {29, 14}
txu_dict[0, 13] = {48, 13}
txu_dict[0, 46] = {46, 7}
txu_dict[0, 24] = {24, 8}
txu_dict[0, 29] = set()
txu_dict[0, 9] = set()
txu_dict[0, 42] = {42, 34}
txu_dict[0, 23] = {5, 39, 7, 10, 46, 47, 16, 23}
txu_dict[0, 25] = {1, 4, 40, 17, 49, 25, 28, 31}
txu_dict[0, 32] = {32, 33}
txu_dict[0, 39] = {47, 39}
txu_dict[0, 12] = {1, 3, 4, 5, 7, 8, 9, 10, 12, 14, 15, 16, 17, 19, 21, 22, 23, 24, 25, 26, 28, 29, 31, 32, 33, 34, 35, 36, 37, 38, 39, 40, 42, 46, 47, 49}
txu_dict[0, 26] = {26, 35, 15}
txu_dict[0, 36] = {36, 5, 39, 7, 10, 46, 47, 16, 23}
txu_dict[0, 35] = {35, 15}
txu_dict[0, 15] = set()
txu_dict[0, 16] = {16, 46, 7}
txu_dict[0, 19] = {42, 19, 34}
txu_dict[0, 49] = set()
txu_dict[0, 38] = set()
txu_dict[0, 34] = set()
txu_dict[0, 33] = set()
txu_dict[0, 47] = set()
txu_dict[0, 43] = set()
txu_dict[45, 0] = set()
txu_dict[45, 45] = {0, 1, 2, 3, 4, 5, 6, 7, 8, 9, 10, 12, 13, 14, 15, 16, 17, 18, 19, 21, 22, 23, 24, 25, 26, 27, 28, 29, 31, 32, 33, 34, 35, 36, 37, 38, 39, 40, 41, 42, 43, 44, 45, 46, 47, 48, 49}
txu_dict[45, 1] = {1, 28}
txu_dict[45, 37] = {34, 3, 37, 38, 8, 9, 42, 19, 22, 24}
txu_dict[45, 40] = {1, 4, 40, 49, 28, 31}
txu_dict[45, 27] = set()
txu_dict[45, 28] = set()
txu_dict[45, 2] = {41, 2}
txu_dict[45, 18] = {27, 41, 18, 2}
txu_dict[45, 41] = set()
txu_dict[45, 21] = {29, 21, 14}
txu_dict[45, 3] = set()
txu_dict[45, 8] = set()
txu_dict[45, 31] = set()
txu_dict[45, 17] = set()
txu_dict[45, 22] = {3, 38, 8, 22, 24}
txu_dict[45, 4] = {4, 31}
txu_dict[45, 7] = set()
txu_dict[45, 5] = set()
txu_dict[45, 10] = {10, 5}
txu_dict[45, 48] = set()
txu_dict[45, 6] = {2, 6, 41, 44, 13, 48, 18, 27}
txu_dict[45, 44] = {2, 41, 44, 18, 27}
txu_dict[45, 14] = {29, 14}
txu_dict[45, 13] = {48, 13}
txu_dict[45, 46] = {46, 7}
txu_dict[45, 24] = {24, 8}
txu_dict[45, 29] = set()
txu_dict[45, 9] = set()
txu_dict[45, 42] = {42, 34}
txu_dict[45, 23] = {5, 39, 7, 10, 46, 47, 16, 23}
txu_dict[45, 25] = {1, 4, 40, 17, 49, 25, 28, 31}
txu_dict[45, 32] = {32, 33}
txu_dict[45, 39] = {47, 39}
txu_dict[45, 12] = {1, 3, 4, 5, 7, 8, 9, 10, 12, 14, 15, 16, 17, 19, 21, 22, 23, 24, 25, 26, 28, 29, 31, 32, 33, 34, 35, 36, 37, 38, 39, 40, 42, 46, 47, 49}
txu_dict[45, 26] = {26, 35, 15}
txu_dict[45, 36] = {36, 5, 39, 7, 10, 46, 47, 16, 23}
txu_dict[45, 35] = {35, 15}
txu_dict[45, 15] = set()
txu_dict[45, 16] = {16, 46, 7}
txu_dict[45, 19] = {42, 19, 34}
txu_dict[45, 49] = set()
txu_dict[45, 38] = set()
txu_dict[45, 34] = set()
txu_dict[45, 33] = set()
txu_dict[45, 47] = set()
txu_dict[45, 43] = set()
txu_dict[1, 0] = set()
txu_dict[1, 45] = {0, 43, 45}
txu_dict[1, 1] = {0, 1, 2, 3, 4, 5, 6, 7, 8, 9, 10, 12, 13, 14, 15, 16, 17, 18, 19, 21, 22, 23, 24, 25, 26, 27, 28, 29, 31, 32, 33, 34, 35, 36, 37, 38, 39, 40, 41, 42, 43, 44, 45, 46, 47, 48, 49}
txu_dict[1, 37] = {3, 35, 37, 38, 42, 14, 15, 19, 21, 22, 29}
txu_dict[1, 40] = {0, 4, 5, 9, 10, 12, 13, 17, 23, 25, 26, 31, 36, 39, 40, 43, 45, 48, 49}
txu_dict[1, 27] = {32, 33, 2, 6, 41, 44, 47, 18, 27}
txu_dict[1, 28] = {34, 7, 8, 46, 16, 24, 28}
txu_dict[1, 2] = {41, 2}
txu_dict[1, 18] = {2, 6, 41, 44, 18}
txu_dict[1, 41] = set()
txu_dict[1, 21] = {29, 35, 21, 14}
txu_dict[1, 3] = set()
txu_dict[1, 8] = set()
txu_dict[1, 31] = set()
txu_dict[1, 17] = set()
txu_dict[1, 22] = {38, 3, 22, 15}
txu_dict[1, 4] = {4, 31}
txu_dict[1, 7] = set()
txu_dict[1, 5] = set()
txu_dict[1, 10] = set()
txu_dict[1, 48] = {48, 9, 13, 5}
txu_dict[1, 6] = set()
txu_dict[1, 44] = {44, 6}
txu_dict[1, 14] = {35, 29, 14}
txu_dict[1, 13] = set()
txu_dict[1, 46] = {7, 8, 46, 16, 24}
txu_dict[1, 24] = {24, 8}
txu_dict[1, 29] = set()
txu_dict[1, 9] = set()
txu_dict[1, 42] = set()
txu_dict[1, 23] = {39, 23}
txu_dict[1, 25] = {0, 36, 39, 10, 43, 12, 45, 17, 23, 25, 26}
txu_dict[1, 32] = {32, 33, 47}
txu_dict[1, 39] = set()
txu_dict[1, 12] = {0, 36, 39, 43, 12, 45, 23, 26}
txu_dict[1, 26] = set()
txu_dict[1, 36] = {36, 39, 23}
txu_dict[1, 35] = set()
txu_dict[1, 15] = set()
txu_dict[1, 16] = set()
txu_dict[1, 19] = {42, 19}
txu_dict[1, 49] = set()
txu_dict[1, 38] = set()
txu_dict[1, 34] = set()
txu_dict[1, 33] = {33, 47}
txu_dict[1, 47] = set()
txu_dict[1, 43] = set()
txu_dict[37, 0] = set()
txu_dict[37, 45] = {0, 43, 45, 6}
txu_dict[37, 1] = {1, 27}
txu_dict[37, 37] = {0, 1, 2, 3, 4, 5, 6, 7, 8, 9, 10, 12, 13, 14, 15, 16, 17, 18, 19, 21, 22, 23, 24, 25, 26, 27, 28, 29, 31, 32, 33, 34, 35, 36, 37, 38, 39, 40, 41, 42, 43, 44, 45, 46, 47, 48, 49}
txu_dict[37, 40] = {40, 25, 4}
txu_dict[37, 27] = set()
txu_dict[37, 28] = set()
txu_dict[37, 2] = {41, 2, 18, 44}
txu_dict[37, 18] = {18, 44}
txu_dict[37, 41] = set()
txu_dict[37, 21] = {33, 35, 36, 4, 39, 40, 14, 47, 21, 23, 25, 26, 29}
txu_dict[37, 3] = {17, 3, 31}
txu_dict[37, 8] = set()
txu_dict[37, 31] = set()
txu_dict[37, 17] = set()
txu_dict[37, 22] = {3, 38, 7, 8, 15, 17, 22, 24, 31}
txu_dict[37, 4] = set()
txu_dict[37, 7] = set()
txu_dict[37, 5] = {10, 5}
txu_dict[37, 10] = set()
txu_dict[37, 48] = {48, 13, 10, 5}
txu_dict[37, 6] = set()
txu_dict[37, 44] = set()
txu_dict[37, 14] = {33, 35, 14, 47, 26, 29}
txu_dict[37, 13] = set()
txu_dict[37, 46] = {16, 46}
txu_dict[37, 24] = {24, 8}
txu_dict[37, 29] = set()
txu_dict[37, 9] = {5, 9, 10, 13, 48}
txu_dict[37, 42] = {16, 42, 34, 46}
txu_dict[37, 23] = {39, 23}
txu_dict[37, 25] = set()
txu_dict[37, 32] = set()
txu_dict[37, 39] = set()
txu_dict[37, 12] = {32, 0, 6, 43, 12, 45}
txu_dict[37, 26] = set()
txu_dict[37, 36] = set()
txu_dict[37, 35] = {33, 26, 35, 47}
txu_dict[37, 15] = set()
txu_dict[37, 16] = set()
txu_dict[37, 19] = {34, 42, 46, 16, 49, 19}
txu_dict[37, 49] = set()
txu_dict[37, 38] = set()
txu_dict[37, 34] = set()
txu_dict[37, 33] = {33, 47}
txu_dict[37, 47] = set()
txu_dict[37, 43] = set()
txu_dict[40, 0] = set()
txu_dict[40, 45] = {0, 43, 45, 6}
txu_dict[40, 1] = {32, 1, 34, 2, 41, 18, 27, 28}
txu_dict[40, 37] = {3, 37, 38, 42, 19, 22}
txu_dict[40, 40] = {0, 1, 2, 3, 4, 5, 6, 7, 8, 9, 10, 12, 13, 14, 15, 16, 17, 18, 19, 21, 22, 23, 24, 25, 26, 27, 28, 29, 31, 32, 33, 34, 35, 36, 37, 38, 39, 40, 41, 42, 43, 44, 45, 46, 47, 48, 49}
txu_dict[40, 27] = {32, 2, 41, 18, 27}
txu_dict[40, 28] = {34, 28}
txu_dict[40, 2] = {41, 2}
txu_dict[40, 18] = {41, 18, 2}
txu_dict[40, 41] = set()
txu_dict[40, 21] = {35, 3, 37, 38, 42, 14, 15, 19, 21, 22, 29}
txu_dict[40, 3] = set()
txu_dict[40, 8] = set()
txu_dict[40, 31] = set()
txu_dict[40, 17] = set()
txu_dict[40, 22] = {38, 3, 22}
txu_dict[40, 4] = {4, 31}
txu_dict[40, 7] = set()
txu_dict[40, 5] = set()
txu_dict[40, 10] = set()
txu_dict[40, 48] = {5, 7, 8, 9, 13, 46, 48, 16, 24}
txu_dict[40, 6] = set()
txu_dict[40, 44] = set()
txu_dict[40, 14] = {35, 29, 14, 15}
txu_dict[40, 13] = set()
txu_dict[40, 46] = {7, 8, 46, 16, 24}
txu_dict[40, 24] = {24, 8}
txu_dict[40, 29] = set()
txu_dict[40, 9] = set()
txu_dict[40, 42] = set()
txu_dict[40, 23] = {39, 23}
txu_dict[40, 25] = {0, 36, 6, 39, 10, 43, 12, 45, 17, 23, 25, 26}
txu_dict[40, 32] = set()
txu_dict[40, 39] = set()
txu_dict[40, 12] = {0, 36, 6, 39, 43, 12, 45, 23, 26}
txu_dict[40, 26] = set()
txu_dict[40, 36] = {36, 39, 23}
txu_dict[40, 35] = {35, 15}
txu_dict[40, 15] = set()
txu_dict[40, 16] = set()
txu_dict[40, 19] = {42, 19}
txu_dict[40, 49] = {49, 47, 33}
txu_dict[40, 38] = set()
txu_dict[40, 34] = set()
txu_dict[40, 33] = {33, 47}
txu_dict[40, 47] = set()
txu_dict[40, 43] = set()
txu_dict[27, 0] = set()
txu_dict[27, 45] = {0, 43, 45}
txu_dict[27, 1] = {1, 3, 4, 5, 7, 9, 12, 14, 15, 16, 17, 19, 21, 22, 25, 26, 28, 29, 31, 34, 35, 37, 38, 40, 42, 46, 48, 49}
txu_dict[27, 37] = {3, 35, 37, 38, 42, 14, 15, 19, 21, 22, 29}
txu_dict[27, 40] = {4, 5, 40, 9, 12, 48, 49, 17, 25, 26, 31}
txu_dict[27, 27] = {0, 1, 2, 3, 4, 5, 6, 7, 8, 9, 10, 12, 13, 14, 15, 16, 17, 18, 19, 21, 22, 23, 24, 25, 26, 27, 28, 29, 31, 32, 33, 34, 35, 36, 37, 38, 39, 40, 41, 42, 43, 44, 45, 46, 47, 48, 49}
txu_dict[27, 28] = {34, 7, 46, 16, 28}
txu_dict[27, 2] = {2, 8, 41, 13, 24}
txu_dict[27, 18] = {0, 2, 6, 8, 41, 43, 44, 13, 45, 18, 24}
txu_dict[27, 41] = {24, 41, 13, 8}
txu_dict[27, 21] = {29, 35, 21, 14}
txu_dict[27, 3] = set()
txu_dict[27, 8] = set()
txu_dict[27, 31] = set()
txu_dict[27, 17] = set()
txu_dict[27, 22] = {38, 3, 22, 15}
txu_dict[27, 4] = {4, 31}
txu_dict[27, 7] = set()
txu_dict[27, 5] = set()
txu_dict[27, 10] = set()
txu_dict[27, 48] = {48, 9, 5}
txu_dict[27, 6] = {0, 43, 45, 6}
txu_dict[27, 44] = {0, 6, 43, 44, 45}
txu_dict[27, 14] = {35, 29, 14}
txu_dict[27, 13] = set()
txu_dict[27, 46] = {16, 46, 7}
txu_dict[27, 24] = {24, 8}
txu_dict[27, 29] = set()
txu_dict[27, 9] = set()
txu_dict[27, 42] = set()
txu_dict[27, 23] = {39, 23}
txu_dict[27, 25] = {25, 26, 12, 17}
txu_dict[27, 32] = {32, 33, 10, 47}
txu_dict[27, 39] = set()
txu_dict[27, 12] = {26, 12}
txu_dict[27, 26] = set()
txu_dict[27, 36] = {36, 39, 23}
txu_dict[27, 35] = set()
txu_dict[27, 15] = set()
txu_dict[27, 16] = set()
txu_dict[27, 19] = {42, 19}
txu_dict[27, 49] = set()
txu_dict[27, 38] = set()
txu_dict[27, 34] = set()
txu_dict[27, 33] = {33, 47}
txu_dict[27, 47] = set()
txu_dict[27, 43] = set()
txu_dict[28, 0] = set()
txu_dict[28, 45] = {0, 43, 45}
txu_dict[28, 1] = {0, 1, 2, 4, 5, 6, 10, 12, 13, 17, 18, 23, 25, 26, 27, 31, 32, 33, 36, 39, 40, 41, 43, 44, 45, 47, 48, 49}
txu_dict[28, 37] = {35, 37, 38, 9, 14, 19, 21, 22, 29}
txu_dict[28, 40] = {0, 4, 5, 36, 39, 40, 10, 43, 12, 13, 45, 48, 49, 17, 23, 25, 26, 31}
txu_dict[28, 27] = {32, 33, 2, 6, 41, 44, 47, 18, 27}
txu_dict[28, 28] = {0, 1, 2, 3, 4, 5, 6, 7, 8, 9, 10, 12, 13, 14, 15, 16, 17, 18, 19, 21, 22, 23, 24, 25, 26, 27, 28, 29, 31, 32, 33, 34, 35, 36, 37, 38, 39, 40, 41, 42, 43, 44, 45, 46, 47, 48, 49}
txu_dict[28, 2] = {41, 2}
txu_dict[28, 18] = {2, 6, 41, 44, 18}
txu_dict[28, 41] = set()
txu_dict[28, 21] = {29, 35, 21, 14}
txu_dict[28, 3] = set()
txu_dict[28, 8] = {8, 3}
txu_dict[28, 31] = set()
txu_dict[28, 17] = set()
txu_dict[28, 22] = {38, 22}
txu_dict[28, 4] = {4, 31}
txu_dict[28, 7] = set()
txu_dict[28, 5] = set()
txu_dict[28, 10] = set()
txu_dict[28, 48] = {48, 13, 5}
txu_dict[28, 6] = set()
txu_dict[28, 44] = {44, 6}
txu_dict[28, 14] = {35, 29, 14}
txu_dict[28, 13] = set()
txu_dict[28, 46] = {3, 7, 8, 42, 46, 15, 16, 24}
txu_dict[28, 24] = {24, 8, 3}
txu_dict[28, 29] = set()
txu_dict[28, 9] = set()
txu_dict[28, 42] = {42, 15}
txu_dict[28, 23] = {39, 23}
txu_dict[28, 25] = {0, 36, 39, 10, 43, 12, 45, 17, 23, 25, 26}
txu_dict[28, 32] = {32, 33, 47}
txu_dict[28, 39] = set()
txu_dict[28, 12] = {0, 36, 39, 43, 12, 45, 23, 26}
txu_dict[28, 26] = set()
txu_dict[28, 36] = {36, 39, 23}
txu_dict[28, 35] = set()
txu_dict[28, 15] = set()
txu_dict[28, 16] = set()
txu_dict[28, 19] = set()
txu_dict[28, 49] = set()
txu_dict[28, 38] = set()
txu_dict[28, 34] = set()
txu_dict[28, 33] = {33, 47}
txu_dict[28, 47] = set()
txu_dict[28, 43] = set()
txu_dict[2, 0] = set()
txu_dict[2, 45] = {0, 36, 39, 43, 12, 45, 23}
txu_dict[2, 1] = {1, 4, 40, 49, 17, 25, 28}
txu_dict[2, 37] = {34, 3, 35, 37, 38, 5, 9, 42, 10, 14, 15, 48, 19, 21, 22, 29, 31}
txu_dict[2, 40] = {4, 40, 17, 49, 25}
txu_dict[2, 27] = {32, 1, 33, 4, 40, 47, 49, 17, 25, 27, 28}
txu_dict[2, 28] = set()
txu_dict[2, 2] = {0, 1, 2, 3, 4, 5, 6, 7, 8, 9, 10, 12, 13, 14, 15, 16, 17, 18, 19, 21, 22, 23, 24, 25, 26, 27, 28, 29, 31, 32, 33, 34, 35, 36, 37, 38, 39, 40, 41, 42, 43, 44, 45, 46, 47, 48, 49}
txu_dict[2, 18] = {0, 1, 4, 6, 12, 17, 18, 23, 25, 27, 28, 32, 33, 36, 39, 40, 43, 44, 45, 47, 49}
txu_dict[2, 41] = {7, 8, 41, 13, 46, 16, 24, 26}
txu_dict[2, 21] = {29, 35, 21, 14}
txu_dict[2, 3] = {3, 31}
txu_dict[2, 8] = set()
txu_dict[2, 31] = set()
txu_dict[2, 17] = set()
txu_dict[2, 22] = {3, 38, 15, 22, 31}
txu_dict[2, 4] = set()
txu_dict[2, 7] = set()
txu_dict[2, 5] = {10, 5}
txu_dict[2, 10] = set()
txu_dict[2, 48] = {48, 10, 5}
txu_dict[2, 6] = {0, 36, 6, 39, 43, 12, 45, 23}
txu_dict[2, 44] = {0, 36, 6, 39, 43, 12, 44, 45, 23}
txu_dict[2, 14] = {35, 29, 14}
txu_dict[2, 13] = set()
txu_dict[2, 46] = {16, 46, 7}
txu_dict[2, 24] = {7, 8, 46, 16, 24}
txu_dict[2, 29] = set()
txu_dict[2, 9] = {48, 9, 10, 5}
txu_dict[2, 42] = {42, 34}
txu_dict[2, 23] = {39, 23}
txu_dict[2, 25] = {25, 17}
txu_dict[2, 32] = {32, 33, 47}
txu_dict[2, 39] = set()
txu_dict[2, 12] = {12, 39, 36, 23}
txu_dict[2, 26] = set()
txu_dict[2, 36] = {36, 39, 23}
txu_dict[2, 35] = set()
txu_dict[2, 15] = set()
txu_dict[2, 16] = set()
txu_dict[2, 19] = {42, 19, 34}
txu_dict[2, 49] = set()
txu_dict[2, 38] = set()
txu_dict[2, 34] = set()
txu_dict[2, 33] = {33, 47}
txu_dict[2, 47] = set()
txu_dict[2, 43] = set()
txu_dict[18, 0] = set()
txu_dict[18, 45] = {0, 36, 39, 43, 12, 45, 23}
txu_dict[18, 1] = {1, 34, 4, 5, 40, 48, 49, 17, 25, 28, 31}
txu_dict[18, 37] = {3, 35, 37, 38, 9, 42, 14, 15, 19, 21, 22, 29}
txu_dict[18, 40] = {4, 5, 40, 48, 49, 17, 25, 31}
txu_dict[18, 27] = {32, 1, 33, 34, 4, 5, 40, 10, 47, 48, 49, 17, 25, 27, 28, 31}
txu_dict[18, 28] = {34, 28}
txu_dict[18, 2] = {2, 3, 7, 8, 9, 13, 14, 15, 16, 19, 21, 22, 24, 26, 29, 35, 37, 38, 41, 42, 46}
txu_dict[18, 18] = {0, 1, 2, 3, 4, 5, 6, 7, 8, 9, 10, 12, 13, 14, 15, 16, 17, 18, 19, 21, 22, 23, 24, 25, 26, 27, 28, 29, 31, 32, 33, 34, 35, 36, 37, 38, 39, 40, 41, 42, 43, 44, 45, 46, 47, 48, 49}
txu_dict[18, 41] = {7, 8, 41, 13, 46, 16, 24, 26}
txu_dict[18, 21] = {29, 35, 21, 14}
txu_dict[18, 3] = set()
txu_dict[18, 8] = set()
txu_dict[18, 31] = set()
txu_dict[18, 17] = set()
txu_dict[18, 22] = {38, 3, 22, 15}
txu_dict[18, 4] = {4, 31}
txu_dict[18, 7] = set()
txu_dict[18, 5] = set()
txu_dict[18, 10] = set()
txu_dict[18, 48] = {48, 5}
txu_dict[18, 6] = {0, 36, 6, 39, 43, 12, 45, 23}
txu_dict[18, 44] = {0, 36, 6, 39, 43, 12, 44, 45, 23}
txu_dict[18, 14] = {35, 29, 14}
txu_dict[18, 13] = set()
txu_dict[18, 46] = {16, 46, 7}
txu_dict[18, 24] = {7, 8, 46, 16, 24}
txu_dict[18, 29] = set()
txu_dict[18, 9] = set()
txu_dict[18, 42] = set()
txu_dict[18, 23] = {39, 23}
txu_dict[18, 25] = {25, 17}
txu_dict[18, 32] = {32, 33, 10, 47}
txu_dict[18, 39] = set()
txu_dict[18, 12] = {12, 39, 36, 23}
txu_dict[18, 26] = set()
txu_dict[18, 36] = {36, 39, 23}
txu_dict[18, 35] = set()
txu_dict[18, 15] = set()
txu_dict[18, 16] = set()
txu_dict[18, 19] = {42, 19}
txu_dict[18, 49] = set()
txu_dict[18, 38] = set()
txu_dict[18, 34] = set()
txu_dict[18, 33] = {33, 47}
txu_dict[18, 47] = set()
txu_dict[18, 43] = set()
txu_dict[41, 0] = set()
txu_dict[41, 45] = {0, 36, 39, 43, 12, 45, 23}
txu_dict[41, 1] = {1, 4, 40, 49, 17, 25, 28}
txu_dict[41, 37] = {35, 37, 38, 9, 42, 14, 15, 19, 21, 22}
txu_dict[41, 40] = {4, 40, 17, 49, 25}
txu_dict[41, 27] = {32, 1, 33, 4, 40, 47, 49, 17, 25, 27, 28}
txu_dict[41, 28] = set()
txu_dict[41, 2] = {0, 1, 2, 4, 6, 9, 12, 14, 15, 17, 18, 19, 21, 22, 23, 25, 27, 28, 32, 33, 35, 36, 37, 38, 39, 40, 42, 43, 44, 45, 47, 49}
txu_dict[41, 18] = {0, 1, 4, 6, 12, 17, 18, 23, 25, 27, 28, 32, 33, 36, 39, 40, 43, 44, 45, 47, 49}
txu_dict[41, 41] = {0, 1, 2, 3, 4, 5, 6, 7, 8, 9, 10, 12, 13, 14, 15, 16, 17, 18, 19, 21, 22, 23, 24, 25, 26, 27, 28, 29, 31, 32, 33, 34, 35, 36, 37, 38, 39, 40, 41, 42, 43, 44, 45, 46, 47, 48, 49}
txu_dict[41, 21] = {35, 21, 14}
txu_dict[41, 3] = {3, 31}
txu_dict[41, 8] = {8, 3, 29, 31}
txu_dict[41, 31] = set()
txu_dict[41, 17] = set()
txu_dict[41, 22] = {38, 22, 15}
txu_dict[41, 4] = set()
txu_dict[41, 7] = set()
txu_dict[41, 5] = {10, 5}
txu_dict[41, 10] = set()
txu_dict[41, 48] = {48, 10, 5}
txu_dict[41, 6] = {0, 36, 6, 39, 43, 12, 45, 23}
txu_dict[41, 44] = {0, 36, 6, 39, 43, 12, 44, 45, 23}
txu_dict[41, 14] = {35, 14}
txu_dict[41, 13] = {48, 5, 10, 13}
txu_dict[41, 46] = {16, 46, 7}
txu_dict[41, 24] = {34, 3, 7, 8, 46, 16, 24, 29, 31}
txu_dict[41, 29] = set()
txu_dict[41, 9] = set()
txu_dict[41, 42] = set()
txu_dict[41, 23] = {39, 23}
txu_dict[41, 25] = {25, 17}
txu_dict[41, 32] = {32, 33, 47}
txu_dict[41, 39] = set()
txu_dict[41, 12] = {12, 39, 36, 23}
txu_dict[41, 26] = set()
txu_dict[41, 36] = {36, 39, 23}
txu_dict[41, 35] = set()
txu_dict[41, 15] = set()
txu_dict[41, 16] = set()
txu_dict[41, 19] = {42, 19}
txu_dict[41, 49] = set()
txu_dict[41, 38] = set()
txu_dict[41, 34] = set()
txu_dict[41, 33] = {33, 47}
txu_dict[41, 47] = set()
txu_dict[41, 43] = set()
txu_dict[21, 0] = set()
txu_dict[21, 45] = {0, 43, 45}
txu_dict[21, 1] = {1, 27}
txu_dict[21, 37] = {1, 2, 3, 5, 7, 8, 9, 10, 13, 16, 18, 19, 22, 24, 27, 28, 31, 34, 37, 38, 41, 42, 44, 46, 48, 49}
txu_dict[21, 40] = {40, 25, 4, 17}
txu_dict[21, 27] = set()
txu_dict[21, 28] = set()
txu_dict[21, 2] = {41, 2, 18, 44}
txu_dict[21, 18] = {18, 44}
txu_dict[21, 41] = set()
txu_dict[21, 21] = {0, 1, 2, 3, 4, 5, 6, 7, 8, 9, 10, 12, 13, 14, 15, 16, 17, 18, 19, 21, 22, 23, 24, 25, 26, 27, 28, 29, 31, 32, 33, 34, 35, 36, 37, 38, 39, 40, 41, 42, 43, 44, 45, 46, 47, 48, 49}
txu_dict[21, 3] = {3, 31}
txu_dict[21, 8] = set()
txu_dict[21, 31] = set()
txu_dict[21, 17] = set()
txu_dict[21, 22] = {3, 38, 7, 8, 22, 24, 31}
txu_dict[21, 4] = set()
txu_dict[21, 7] = set()
txu_dict[21, 5] = {10, 5}
txu_dict[21, 10] = set()
txu_dict[21, 48] = {48, 13, 10, 5}
txu_dict[21, 6] = set()
txu_dict[21, 44] = set()
txu_dict[21, 14] = {33, 35, 6, 14, 15, 47, 26, 29}
txu_dict[21, 13] = set()
txu_dict[21, 46] = {16, 46}
txu_dict[21, 24] = {24, 8}
txu_dict[21, 29] = set()
txu_dict[21, 9] = {5, 9, 10, 13, 48}
txu_dict[21, 42] = {16, 42, 34, 46}
txu_dict[21, 23] = {39, 23}
txu_dict[21, 25] = {25, 17}
txu_dict[21, 32] = set()
txu_dict[21, 39] = set()
txu_dict[21, 12] = {32, 0, 43, 12, 45}
txu_dict[21, 26] = set()
txu_dict[21, 36] = set()
txu_dict[21, 35] = {33, 35, 47, 15, 26}
txu_dict[21, 15] = set()
txu_dict[21, 16] = set()
txu_dict[21, 19] = {34, 42, 46, 16, 49, 19}
txu_dict[21, 49] = set()
txu_dict[21, 38] = set()
txu_dict[21, 34] = set()
txu_dict[21, 33] = {33, 47}
txu_dict[21, 47] = set()
txu_dict[21, 43] = set()
txu_dict[3, 0] = set()
txu_dict[3, 45] = {0, 43, 45, 6}
txu_dict[3, 1] = {1, 27}
txu_dict[3, 37] = {0, 1, 2, 36, 37, 6, 40, 43, 12, 45, 14, 44, 49, 18, 19, 21, 23, 27}
txu_dict[3, 40] = set()
txu_dict[3, 27] = set()
txu_dict[3, 28] = set()
txu_dict[3, 2] = {2, 18, 44}
txu_dict[3, 18] = {18, 44}
txu_dict[3, 41] = set()
txu_dict[3, 21] = {36, 40, 14, 21, 23}
txu_dict[3, 3] = {0, 1, 2, 3, 4, 5, 6, 7, 8, 9, 10, 12, 13, 14, 15, 16, 17, 18, 19, 21, 22, 23, 24, 25, 26, 27, 28, 29, 31, 32, 33, 34, 35, 36, 37, 38, 39, 40, 41, 42, 43, 44, 45, 46, 47, 48, 49}
txu_dict[3, 8] = {33, 34, 7, 8, 41, 46, 47, 16, 24, 28, 29}
txu_dict[3, 31] = set()
txu_dict[3, 17] = {17, 4, 25}
txu_dict[3, 22] = {0, 1, 2, 5, 6, 9, 10, 12, 13, 14, 15, 18, 19, 21, 22, 23, 26, 27, 32, 35, 36, 37, 38, 39, 40, 42, 43, 44, 45, 48, 49}
txu_dict[3, 4] = set()
txu_dict[3, 7] = set()
txu_dict[3, 5] = {32, 10, 5, 39}
txu_dict[3, 10] = {32, 10, 39}
txu_dict[3, 48] = {32, 5, 39, 10, 13, 48}
txu_dict[3, 6] = set()
txu_dict[3, 44] = set()
txu_dict[3, 14] = set()
txu_dict[3, 13] = set()
txu_dict[3, 46] = {16, 28, 46, 7}
txu_dict[3, 24] = {34, 7, 41, 46, 16, 24, 28}
txu_dict[3, 29] = {33, 29, 47}
txu_dict[3, 9] = {32, 5, 39, 9, 10, 13, 48}
txu_dict[3, 42] = set()
txu_dict[3, 23] = set()
txu_dict[3, 25] = set()
txu_dict[3, 32] = set()
txu_dict[3, 39] = set()
txu_dict[3, 12] = {0, 6, 43, 12, 45}
txu_dict[3, 26] = set()
txu_dict[3, 36] = set()
txu_dict[3, 35] = {26, 35}
txu_dict[3, 15] = {26, 42, 35, 15}
txu_dict[3, 16] = set()
txu_dict[3, 19] = {49, 19}
txu_dict[3, 49] = set()
txu_dict[3, 38] = set()
txu_dict[3, 34] = set()
txu_dict[3, 33] = {33, 47}
txu_dict[3, 47] = set()
txu_dict[3, 43] = set()
txu_dict[8, 0] = set()
txu_dict[8, 45] = {0, 43, 45}
txu_dict[8, 1] = set()
txu_dict[8, 37] = {0, 36, 37, 43, 12, 45, 14, 21}
txu_dict[8, 40] = {40, 25}
txu_dict[8, 27] = set()
txu_dict[8, 28] = {1, 28}
txu_dict[8, 2] = {2, 6, 44, 18, 27}
txu_dict[8, 18] = {18, 27, 44, 6}
txu_dict[8, 41] = {2, 6, 41, 44, 18, 27}
txu_dict[8, 21] = {36, 21, 14}
txu_dict[8, 3] = {17, 3, 4, 31}
txu_dict[8, 8] = {0, 1, 2, 3, 4, 5, 6, 7, 8, 9, 10, 12, 13, 14, 15, 16, 17, 18, 19, 21, 22, 23, 24, 25, 26, 27, 28, 29, 31, 32, 33, 34, 35, 36, 37, 38, 39, 40, 41, 42, 43, 44, 45, 46, 47, 48, 49}
txu_dict[8, 31] = set()
txu_dict[8, 17] = {17, 4}
txu_dict[8, 22] = {0, 35, 36, 37, 38, 9, 43, 12, 45, 14, 15, 21, 22, 26}
txu_dict[8, 4] = set()
txu_dict[8, 7] = set()
txu_dict[8, 5] = {10, 5, 39}
txu_dict[8, 10] = {10, 39}
txu_dict[8, 48] = {5, 39, 40, 10, 13, 48, 25}
txu_dict[8, 6] = set()
txu_dict[8, 44] = {44, 6}
txu_dict[8, 14] = set()
txu_dict[8, 13] = set()
txu_dict[8, 46] = {1, 5, 7, 40, 39, 42, 10, 13, 46, 16, 48, 49, 19, 23, 25, 28}
txu_dict[8, 24] = {0, 1, 2, 5, 6, 7, 9, 10, 12, 13, 14, 15, 16, 18, 19, 21, 22, 23, 24, 25, 26, 27, 28, 34, 35, 36, 37, 38, 39, 40, 41, 42, 43, 44, 45, 46, 48, 49}
txu_dict[8, 29] = {32, 33, 29, 47}
txu_dict[8, 9] = set()
txu_dict[8, 42] = {49, 42, 19}
txu_dict[8, 23] = set()
txu_dict[8, 25] = set()
txu_dict[8, 32] = set()
txu_dict[8, 39] = set()
txu_dict[8, 12] = {0, 43, 12, 45}
txu_dict[8, 26] = set()
txu_dict[8, 36] = set()
txu_dict[8, 35] = {26, 35}
txu_dict[8, 15] = {26, 35, 15}
txu_dict[8, 16] = {16, 23}
txu_dict[8, 19] = {49, 19}
txu_dict[8, 49] = set()
txu_dict[8, 38] = set()
txu_dict[8, 34] = set()
txu_dict[8, 33] = {32, 33, 47}
txu_dict[8, 47] = set()
txu_dict[8, 43] = set()
txu_dict[31, 0] = set()
txu_dict[31, 45] = {0, 43, 45}
txu_dict[31, 1] = {1, 18, 27, 28}
txu_dict[31, 37] = {2, 21, 37, 23}
txu_dict[31, 40] = {0, 1, 36, 40, 43, 44, 12, 45, 18, 25, 27, 28}
txu_dict[31, 27] = {18, 27}
txu_dict[31, 28] = set()
txu_dict[31, 2] = set()
txu_dict[31, 18] = set()
txu_dict[31, 41] = set()
txu_dict[31, 21] = {21, 23}
txu_dict[31, 3] = {2, 3, 5, 8, 9, 10, 13, 16, 21, 22, 23, 24, 29, 37, 38, 39, 41, 46, 48}
txu_dict[31, 8] = {8, 41, 46, 16, 24, 29}
txu_dict[31, 31] = {0, 1, 2, 3, 4, 5, 6, 7, 8, 9, 10, 12, 13, 14, 15, 16, 17, 18, 19, 21, 22, 23, 24, 25, 26, 27, 28, 29, 31, 32, 33, 34, 35, 36, 37, 38, 39, 40, 41, 42, 43, 44, 45, 46, 47, 48, 49}
txu_dict[31, 17] = set()
txu_dict[31, 22] = {2, 37, 38, 5, 39, 9, 10, 13, 48, 21, 22, 23}
txu_dict[31, 4] = {0, 1, 4, 36, 7, 40, 43, 44, 12, 45, 17, 18, 25, 27, 28}
txu_dict[31, 7] = set()
txu_dict[31, 5] = {10, 5, 39}
txu_dict[31, 10] = {10, 39}
txu_dict[31, 48] = {5, 39, 10, 13, 48}
txu_dict[31, 6] = set()
txu_dict[31, 44] = set()
txu_dict[31, 14] = {14, 6}
txu_dict[31, 13] = set()
txu_dict[31, 46] = {16, 46}
txu_dict[31, 24] = {24, 41, 46, 16}
txu_dict[31, 29] = set()
txu_dict[31, 9] = {5, 39, 9, 10, 13, 48}
txu_dict[31, 42] = {49, 42, 19, 34}
txu_dict[31, 23] = set()
txu_dict[31, 25] = {0, 36, 43, 12, 45, 25}
txu_dict[31, 32] = set()
txu_dict[31, 39] = set()
txu_dict[31, 12] = {0, 36, 43, 12, 45}
txu_dict[31, 26] = set()
txu_dict[31, 36] = set()
txu_dict[31, 35] = {32, 33, 35, 6, 14, 47, 26}
txu_dict[31, 15] = {32, 33, 34, 35, 6, 42, 14, 15, 47, 49, 19, 26}
txu_dict[31, 16] = set()
txu_dict[31, 19] = {49, 19}
txu_dict[31, 49] = set()
txu_dict[31, 38] = set()
txu_dict[31, 34] = set()
txu_dict[31, 33] = {32, 33, 47}
txu_dict[31, 47] = set()
txu_dict[31, 43] = set()
txu_dict[17, 0] = set()
txu_dict[17, 45] = {0, 43, 45, 6}
txu_dict[17, 1] = {1, 2, 41, 18, 27, 28}
txu_dict[17, 37] = {19, 37}
txu_dict[17, 40] = {1, 33, 2, 5, 40, 41, 44, 13, 47, 48, 49, 18, 21, 27, 28}
txu_dict[17, 27] = {2, 41, 18, 27}
txu_dict[17, 28] = set()
txu_dict[17, 2] = {41, 2}
txu_dict[17, 18] = {41, 18, 2}
txu_dict[17, 41] = set()
txu_dict[17, 21] = set()
txu_dict[17, 3] = {34, 3, 37, 38, 8, 9, 15, 19, 22, 24, 29}
txu_dict[17, 8] = {8, 24, 34, 29}
txu_dict[17, 31] = set()
txu_dict[17, 17] = {0, 1, 2, 3, 4, 5, 6, 7, 8, 9, 10, 12, 13, 14, 15, 16, 17, 18, 19, 21, 22, 23, 24, 25, 26, 27, 28, 29, 31, 32, 33, 34, 35, 36, 37, 38, 39, 40, 41, 42, 43, 44, 45, 46, 47, 48, 49}
txu_dict[17, 22] = {37, 38, 9, 15, 19, 22}
txu_dict[17, 4] = {4, 7, 42, 46, 16, 31}
txu_dict[17, 7] = {16, 42, 46, 7}
txu_dict[17, 5] = set()
txu_dict[17, 10] = set()
txu_dict[17, 48] = {48, 13, 5}
txu_dict[17, 6] = set()
txu_dict[17, 44] = set()
txu_dict[17, 14] = {35, 14}
txu_dict[17, 13] = set()
txu_dict[17, 46] = {16, 42, 46}
txu_dict[17, 24] = {24, 34}
txu_dict[17, 29] = set()
txu_dict[17, 9] = set()
txu_dict[17, 42] = set()
txu_dict[17, 23] = {39, 23}
txu_dict[17, 25] = {0, 1, 2, 5, 6, 10, 12, 13, 14, 18, 21, 23, 25, 26, 27, 28, 32, 33, 35, 36, 39, 40, 41, 43, 44, 45, 47, 48, 49}
txu_dict[17, 32] = set()
txu_dict[17, 39] = set()
txu_dict[17, 12] = {32, 0, 36, 6, 39, 43, 12, 45, 23, 26}
txu_dict[17, 26] = set()
txu_dict[17, 36] = {36, 39, 23}
txu_dict[17, 35] = set()
txu_dict[17, 15] = set()
txu_dict[17, 16] = set()
txu_dict[17, 19] = set()
txu_dict[17, 49] = {49, 47, 33}
txu_dict[17, 38] = set()
txu_dict[17, 34] = set()
txu_dict[17, 33] = {33, 47}
txu_dict[17, 47] = set()
txu_dict[17, 43] = set()
txu_dict[22, 0] = set()
txu_dict[22, 45] = {0, 43, 45, 6}
txu_dict[22, 1] = {1, 27}
txu_dict[22, 37] = {0, 1, 2, 6, 12, 14, 18, 19, 21, 23, 25, 27, 28, 29, 36, 37, 40, 41, 43, 44, 45, 49}
txu_dict[22, 40] = {40, 25}
txu_dict[22, 27] = set()
txu_dict[22, 28] = set()
txu_dict[22, 2] = {41, 2, 18, 44}
txu_dict[22, 18] = {18, 44}
txu_dict[22, 41] = set()
txu_dict[22, 21] = {36, 40, 14, 21, 23, 25, 29}
txu_dict[22, 3] = {17, 3, 4, 31}
txu_dict[22, 8] = set()
txu_dict[22, 31] = set()
txu_dict[22, 17] = {17, 4}
txu_dict[22, 22] = {0, 1, 2, 3, 4, 5, 6, 7, 8, 9, 10, 12, 13, 14, 15, 16, 17, 18, 19, 21, 22, 23, 24, 25, 26, 27, 28, 29, 31, 32, 33, 34, 35, 36, 37, 38, 39, 40, 41, 42, 43, 44, 45, 46, 47, 48, 49}
txu_dict[22, 4] = set()
txu_dict[22, 7] = set()
txu_dict[22, 5] = {32, 10, 5, 39}
txu_dict[22, 10] = {32, 10, 39}
txu_dict[22, 48] = {32, 33, 5, 39, 10, 13, 47, 48}
txu_dict[22, 6] = set()
txu_dict[22, 44] = set()
txu_dict[22, 14] = {29, 14}
txu_dict[22, 13] = set()
txu_dict[22, 46] = {16, 46}
txu_dict[22, 24] = {24, 8, 46, 16}
txu_dict[22, 29] = set()
txu_dict[22, 9] = {32, 33, 5, 39, 9, 10, 13, 47, 48}
txu_dict[22, 42] = {42, 34}
txu_dict[22, 23] = set()
txu_dict[22, 25] = set()
txu_dict[22, 32] = set()
txu_dict[22, 39] = set()
txu_dict[22, 12] = {0, 6, 43, 12, 45}
txu_dict[22, 26] = set()
txu_dict[22, 36] = set()
txu_dict[22, 35] = {26, 35}
txu_dict[22, 15] = {34, 35, 42, 15, 26}
txu_dict[22, 16] = set()
txu_dict[22, 19] = {49, 19}
txu_dict[22, 49] = set()
txu_dict[22, 38] = set()
txu_dict[22, 34] = set()
txu_dict[22, 33] = {33, 47}
txu_dict[22, 47] = set()
txu_dict[22, 43] = set()
txu_dict[4, 0] = set()
txu_dict[4, 45] = {0, 43, 45, 6}
txu_dict[4, 1] = {32, 1, 2, 41, 18, 27, 28}
txu_dict[4, 37] = {19, 37}
txu_dict[4, 40] = {0, 1, 2, 5, 6, 9, 10, 12, 13, 14, 18, 19, 21, 23, 25, 26, 27, 28, 32, 33, 35, 36, 37, 39, 40, 41, 43, 44, 45, 47, 48, 49}
txu_dict[4, 27] = {32, 2, 41, 18, 27}
txu_dict[4, 28] = set()
txu_dict[4, 2] = {41, 2}
txu_dict[4, 18] = {41, 18, 2}
txu_dict[4, 41] = set()
txu_dict[4, 21] = {35, 37, 14, 19, 21}
txu_dict[4, 3] = {3, 38, 8, 22, 29}
txu_dict[4, 8] = {8, 29}
txu_dict[4, 31] = {15, 31}
txu_dict[4, 17] = {3, 38, 8, 17, 22, 29}
txu_dict[4, 22] = {38, 22}
txu_dict[4, 4] = {0, 1, 2, 3, 4, 5, 6, 7, 8, 9, 10, 12, 13, 14, 15, 16, 17, 18, 19, 21, 22, 23, 24, 25, 26, 27, 28, 29, 31, 32, 33, 34, 35, 36, 37, 38, 39, 40, 41, 42, 43, 44, 45, 46, 47, 48, 49}
txu_dict[4, 7] = {34, 7, 42, 46, 16, 24}
txu_dict[4, 5] = set()
txu_dict[4, 10] = set()
txu_dict[4, 48] = {48, 9, 13, 5}
txu_dict[4, 6] = set()
txu_dict[4, 44] = set()
txu_dict[4, 14] = {35, 14}
txu_dict[4, 13] = set()
txu_dict[4, 46] = {34, 42, 46, 16, 24}
txu_dict[4, 24] = set()
txu_dict[4, 29] = set()
txu_dict[4, 9] = set()
txu_dict[4, 42] = {42, 34}
txu_dict[4, 23] = {39, 23}
txu_dict[4, 25] = {0, 36, 6, 39, 10, 43, 12, 45, 23, 25, 26}
txu_dict[4, 32] = set()
txu_dict[4, 39] = set()
txu_dict[4, 12] = {0, 36, 6, 39, 43, 12, 45, 23, 26}
txu_dict[4, 26] = set()
txu_dict[4, 36] = {36, 39, 23}
txu_dict[4, 35] = set()
txu_dict[4, 15] = set()
txu_dict[4, 16] = set()
txu_dict[4, 19] = set()
txu_dict[4, 49] = {49, 47, 33}
txu_dict[4, 38] = set()
txu_dict[4, 34] = set()
txu_dict[4, 33] = {33, 47}
txu_dict[4, 47] = set()
txu_dict[4, 43] = set()
txu_dict[7, 0] = set()
txu_dict[7, 45] = {0, 43, 45}
txu_dict[7, 1] = {1, 27}
txu_dict[7, 37] = {21, 37, 14}
txu_dict[7, 40] = {40, 25}
txu_dict[7, 27] = set()
txu_dict[7, 28] = {1, 27, 28}
txu_dict[7, 2] = {2, 18}
txu_dict[7, 18] = set()
txu_dict[7, 41] = {41, 2, 18}
txu_dict[7, 21] = {21, 14}
txu_dict[7, 3] = set()
txu_dict[7, 8] = {8, 3, 29}
txu_dict[7, 31] = set()
txu_dict[7, 17] = set()
txu_dict[7, 22] = {37, 38, 14, 21, 22}
txu_dict[7, 4] = {17, 4, 31}
txu_dict[7, 7] = {0, 1, 2, 3, 4, 5, 6, 7, 8, 9, 10, 12, 13, 14, 15, 16, 17, 18, 19, 21, 22, 23, 24, 25, 26, 27, 28, 29, 31, 32, 33, 34, 35, 36, 37, 38, 39, 40, 41, 42, 43, 44, 45, 46, 47, 48, 49}
txu_dict[7, 5] = {32, 10, 5, 39}
txu_dict[7, 10] = {32, 10, 39}
txu_dict[7, 48] = {32, 33, 5, 6, 39, 40, 9, 10, 44, 13, 47, 48, 25}
txu_dict[7, 6] = {44, 6}
txu_dict[7, 44] = set()
txu_dict[7, 14] = set()
txu_dict[7, 13] = {44, 13, 6}
txu_dict[7, 46] = {0, 1, 2, 3, 5, 6, 8, 9, 10, 12, 13, 15, 16, 18, 19, 23, 24, 25, 26, 27, 28, 29, 32, 33, 34, 35, 36, 39, 40, 41, 42, 43, 44, 45, 46, 47, 48, 49}
txu_dict[7, 24] = {2, 3, 8, 41, 18, 24, 29}
txu_dict[7, 29] = set()
txu_dict[7, 9] = set()
txu_dict[7, 42] = {34, 35, 42, 15, 49, 19, 26}
txu_dict[7, 23] = {0, 36, 43, 12, 45, 23}
txu_dict[7, 25] = set()
txu_dict[7, 32] = set()
txu_dict[7, 39] = set()
txu_dict[7, 12] = {0, 43, 12, 45}
txu_dict[7, 26] = set()
txu_dict[7, 36] = {0, 36, 43, 12, 45}
txu_dict[7, 35] = {26, 35}
txu_dict[7, 15] = {26, 35, 15}
txu_dict[7, 16] = {0, 36, 43, 12, 45, 16, 23}
txu_dict[7, 19] = {49, 19}
txu_dict[7, 49] = set()
txu_dict[7, 38] = set()
txu_dict[7, 34] = set()
txu_dict[7, 33] = {33, 47}
txu_dict[7, 47] = set()
txu_dict[7, 43] = set()
txu_dict[5, 0] = set()
txu_dict[5, 45] = {0, 43, 45}
txu_dict[5, 1] = {1, 18, 27, 28}
txu_dict[5, 37] = {2, 35, 37, 14, 19, 21, 26, 29}
txu_dict[5, 40] = {1, 4, 40, 49, 17, 18, 25, 27, 28}
txu_dict[5, 27] = {18, 27}
txu_dict[5, 28] = set()
txu_dict[5, 2] = set()
txu_dict[5, 18] = set()
txu_dict[5, 41] = set()
txu_dict[5, 21] = {35, 14, 21, 26, 29}
txu_dict[5, 3] = {3, 31}
txu_dict[5, 8] = set()
txu_dict[5, 31] = set()
txu_dict[5, 17] = set()
txu_dict[5, 22] = {3, 38, 15, 22, 31}
txu_dict[5, 4] = set()
txu_dict[5, 7] = set()
txu_dict[5, 5] = {0, 1, 2, 3, 4, 5, 6, 7, 8, 9, 10, 12, 13, 14, 15, 16, 17, 18, 19, 21, 22, 23, 24, 25, 26, 27, 28, 29, 31, 32, 33, 34, 35, 36, 37, 38, 39, 40, 41, 42, 43, 44, 45, 46, 47, 48, 49}
txu_dict[5, 10] = {32, 0, 36, 39, 10, 43, 12, 45, 23}
txu_dict[5, 48] = {1, 2, 3, 4, 6, 7, 8, 9, 13, 14, 15, 16, 17, 18, 19, 21, 22, 24, 25, 26, 27, 28, 29, 31, 33, 34, 35, 37, 38, 40, 41, 42, 44, 46, 47, 48, 49}
txu_dict[5, 6] = {44, 6}
txu_dict[5, 44] = set()
txu_dict[5, 14] = {26, 35, 29, 14}
txu_dict[5, 13] = {41, 44, 13, 6}
txu_dict[5, 46] = {34, 7, 8, 42, 46, 16, 24}
txu_dict[5, 24] = {24, 8}
txu_dict[5, 29] = set()
txu_dict[5, 9] = {2, 3, 35, 37, 38, 9, 14, 15, 19, 21, 22, 26, 29, 31}
txu_dict[5, 42] = {42, 34}
txu_dict[5, 23] = {0, 36, 43, 12, 45, 23}
txu_dict[5, 25] = {25, 17}
txu_dict[5, 32] = set()
txu_dict[5, 39] = set()
txu_dict[5, 12] = {0, 43, 12, 45}
txu_dict[5, 26] = set()
txu_dict[5, 36] = {0, 36, 43, 12, 45}
txu_dict[5, 35] = {26, 35}
txu_dict[5, 15] = set()
txu_dict[5, 16] = set()
txu_dict[5, 19] = set()
txu_dict[5, 49] = set()
txu_dict[5, 38] = set()
txu_dict[5, 34] = set()
txu_dict[5, 33] = {33, 47}
txu_dict[5, 47] = set()
txu_dict[5, 43] = set()
txu_dict[10, 0] = set()
txu_dict[10, 45] = {0, 6, 43, 44, 45}
txu_dict[10, 1] = {1, 28}
txu_dict[10, 37] = {2, 35, 37, 14, 19, 21}
txu_dict[10, 40] = {1, 4, 40, 49, 28}
txu_dict[10, 27] = {18, 27}
txu_dict[10, 28] = set()
txu_dict[10, 2] = set()
txu_dict[10, 18] = set()
txu_dict[10, 41] = set()
txu_dict[10, 21] = {35, 21, 14}
txu_dict[10, 3] = {3, 31}
txu_dict[10, 8] = set()
txu_dict[10, 31] = set()
txu_dict[10, 17] = set()
txu_dict[10, 22] = {3, 38, 15, 22, 31}
txu_dict[10, 4] = set()
txu_dict[10, 7] = set()
txu_dict[10, 5] = {2, 3, 5, 7, 8, 9, 13, 14, 15, 19, 21, 22, 24, 31, 35, 37, 38, 41, 46, 48}
txu_dict[10, 10] = {0, 1, 2, 3, 4, 5, 6, 7, 8, 9, 10, 12, 13, 14, 15, 16, 17, 18, 19, 21, 22, 23, 24, 25, 26, 27, 28, 29, 31, 32, 33, 34, 35, 36, 37, 38, 39, 40, 41, 42, 43, 44, 45, 46, 47, 48, 49}
txu_dict[10, 48] = {2, 3, 7, 8, 9, 13, 14, 15, 19, 21, 22, 24, 31, 35, 37, 38, 41, 46, 48}
txu_dict[10, 6] = {44, 6}
txu_dict[10, 44] = set()
txu_dict[10, 14] = {35, 14}
txu_dict[10, 13] = {41, 13}
txu_dict[10, 46] = {24, 8, 46, 7}
txu_dict[10, 24] = {24, 8}
txu_dict[10, 29] = set()
txu_dict[10, 9] = {2, 3, 35, 37, 38, 9, 14, 15, 19, 21, 22, 31}
txu_dict[10, 42] = {42, 34}
txu_dict[10, 23] = {0, 36, 6, 43, 12, 45, 44, 16, 23, 26}
txu_dict[10, 25] = {1, 4, 40, 17, 49, 25, 28}
txu_dict[10, 32] = {32, 33, 18, 27, 29}
txu_dict[10, 39] = {47, 39}
txu_dict[10, 12] = {0, 6, 43, 12, 45, 44, 26}
txu_dict[10, 26] = set()
txu_dict[10, 36] = {0, 36, 6, 43, 12, 45, 44, 26}
txu_dict[10, 35] = set()
txu_dict[10, 15] = set()
txu_dict[10, 16] = set()
txu_dict[10, 19] = set()
txu_dict[10, 49] = set()
txu_dict[10, 38] = set()
txu_dict[10, 34] = set()
txu_dict[10, 33] = {33, 29}
txu_dict[10, 47] = set()
txu_dict[10, 43] = set()
txu_dict[48, 0] = set()
txu_dict[48, 45] = {0, 43, 45}
txu_dict[48, 1] = {1, 18, 27, 28}
txu_dict[48, 37] = {2, 35, 37, 14, 19, 21, 26, 29}
txu_dict[48, 40] = {1, 4, 40, 12, 49, 17, 18, 25, 27, 28}
txu_dict[48, 27] = {18, 27}
txu_dict[48, 28] = set()
txu_dict[48, 2] = set()
txu_dict[48, 18] = set()
txu_dict[48, 41] = set()
txu_dict[48, 21] = {35, 14, 21, 26, 29}
txu_dict[48, 3] = {3, 31}
txu_dict[48, 8] = set()
txu_dict[48, 31] = set()
txu_dict[48, 17] = set()
txu_dict[48, 22] = {3, 38, 15, 22, 31}
txu_dict[48, 4] = set()
txu_dict[48, 7] = set()
txu_dict[48, 5] = {32, 36, 5, 39, 10, 23}
txu_dict[48, 10] = {32, 36, 39, 10, 23}
txu_dict[48, 48] = {0, 1, 2, 3, 4, 5, 6, 7, 8, 9, 10, 12, 13, 14, 15, 16, 17, 18, 19, 21, 22, 23, 24, 25, 26, 27, 28, 29, 31, 32, 33, 34, 35, 36, 37, 38, 39, 40, 41, 42, 43, 44, 45, 46, 47, 48, 49}
txu_dict[48, 6] = {0, 6, 43, 44, 45}
txu_dict[48, 44] = set()
txu_dict[48, 14] = {26, 35, 29, 14}
txu_dict[48, 13] = {0, 6, 41, 43, 44, 45, 13}
txu_dict[48, 46] = {34, 7, 8, 42, 46, 16, 24}
txu_dict[48, 24] = {24, 8}
txu_dict[48, 29] = set()
txu_dict[48, 9] = {2, 3, 35, 37, 38, 9, 14, 15, 19, 21, 22, 26, 29, 31}
txu_dict[48, 42] = {42, 34}
txu_dict[48, 23] = {36, 23}
txu_dict[48, 25] = {25, 12, 17}
txu_dict[48, 32] = set()
txu_dict[48, 39] = set()
txu_dict[48, 12] = set()
txu_dict[48, 26] = set()
txu_dict[48, 36] = set()
txu_dict[48, 35] = {26, 35}
txu_dict[48, 15] = set()
txu_dict[48, 16] = set()
txu_dict[48, 19] = set()
txu_dict[48, 49] = set()
txu_dict[48, 38] = set()
txu_dict[48, 34] = set()
txu_dict[48, 33] = {33, 47}
txu_dict[48, 47] = set()
txu_dict[48, 43] = set()
txu_dict[6, 0] = set()
txu_dict[6, 45] = {0, 3, 4, 10, 12, 16, 17, 22, 23, 25, 26, 32, 33, 36, 37, 38, 39, 40, 43, 45, 47, 49}
txu_dict[6, 1] = {1, 28}
txu_dict[6, 37] = {38, 3, 37, 22}
txu_dict[6, 40] = {40, 49, 4}
txu_dict[6, 27] = {1, 27, 28}
txu_dict[6, 28] = set()
txu_dict[6, 2] = {24, 41, 2, 8}
txu_dict[6, 18] = {1, 2, 8, 41, 18, 24, 27, 28}
txu_dict[6, 41] = {24, 41, 8}
txu_dict[6, 21] = set()
txu_dict[6, 3] = set()
txu_dict[6, 8] = set()
txu_dict[6, 31] = set()
txu_dict[6, 17] = set()
txu_dict[6, 22] = {38, 3, 22}
txu_dict[6, 4] = set()
txu_dict[6, 7] = set()
txu_dict[6, 5] = set()
txu_dict[6, 10] = set()
txu_dict[6, 48] = {5, 7, 9, 46, 48}
txu_dict[6, 6] = {0, 1, 2, 3, 4, 5, 6, 7, 8, 9, 10, 12, 13, 14, 15, 16, 17, 18, 19, 21, 22, 23, 24, 25, 26, 27, 28, 29, 31, 32, 33, 34, 35, 36, 37, 38, 39, 40, 41, 42, 43, 44, 45, 46, 47, 48, 49}
txu_dict[6, 44] = {1, 2, 34, 8, 41, 42, 44, 18, 19, 24, 27, 28}
txu_dict[6, 14] = {35, 14, 15, 21, 29, 31}
txu_dict[6, 13] = {5, 7, 9, 13, 46, 48}
txu_dict[6, 46] = {46, 7}
txu_dict[6, 24] = {24, 8}
txu_dict[6, 29] = set()
txu_dict[6, 9] = set()
txu_dict[6, 42] = {42, 34}
txu_dict[6, 23] = {39, 10, 47, 16, 23}
txu_dict[6, 25] = {4, 40, 17, 49, 25}
txu_dict[6, 32] = {32, 33}
txu_dict[6, 39] = {47, 39}
txu_dict[6, 12] = {3, 4, 10, 12, 16, 17, 22, 23, 25, 26, 32, 33, 36, 37, 38, 39, 40, 47, 49}
txu_dict[6, 26] = set()
txu_dict[6, 36] = {36, 39, 10, 47, 16, 23}
txu_dict[6, 35] = {35, 31, 15}
txu_dict[6, 15] = {31, 15}
txu_dict[6, 16] = set()
txu_dict[6, 19] = {42, 19, 34}
txu_dict[6, 49] = set()
txu_dict[6, 38] = set()
txu_dict[6, 34] = set()
txu_dict[6, 33] = set()
txu_dict[6, 47] = set()
txu_dict[6, 43] = set()
txu_dict[44, 0] = set()
txu_dict[44, 45] = {0, 36, 39, 10, 43, 12, 45, 47, 16, 23, 26}
txu_dict[44, 1] = {1, 28}
txu_dict[44, 37] = {3, 37, 38, 21, 22}
txu_dict[44, 40] = {4, 40, 17, 49, 25, 31}
txu_dict[44, 27] = {32, 1, 33, 27, 28}
txu_dict[44, 28] = set()
txu_dict[44, 2] = {2, 3, 37, 38, 8, 41, 21, 22, 24}
txu_dict[44, 18] = {32, 1, 2, 33, 3, 37, 38, 8, 41, 18, 21, 22, 24, 27, 28}
txu_dict[44, 41] = {24, 41, 8}
txu_dict[44, 21] = set()
txu_dict[44, 3] = set()
txu_dict[44, 8] = set()
txu_dict[44, 31] = set()
txu_dict[44, 17] = set()
txu_dict[44, 22] = {38, 3, 22}
txu_dict[44, 4] = {4, 31}
txu_dict[44, 7] = set()
txu_dict[44, 5] = set()
txu_dict[44, 10] = set()
txu_dict[44, 48] = {5, 7, 9, 46, 48}
txu_dict[44, 6] = {0, 5, 6, 7, 9, 10, 12, 13, 14, 16, 23, 26, 29, 35, 36, 39, 43, 45, 46, 47, 48}
txu_dict[44, 44] = {0, 1, 2, 3, 4, 5, 6, 7, 8, 9, 10, 12, 13, 14, 15, 16, 17, 18, 19, 21, 22, 23, 24, 25, 26, 27, 28, 29, 31, 32, 33, 34, 35, 36, 37, 38, 39, 40, 41, 42, 43, 44, 45, 46, 47, 48, 49}
txu_dict[44, 14] = {35, 29, 14}
txu_dict[44, 13] = {5, 7, 9, 13, 46, 48}
txu_dict[44, 46] = {46, 7}
txu_dict[44, 24] = {24, 8}
txu_dict[44, 29] = set()
txu_dict[44, 9] = set()
txu_dict[44, 42] = {42, 34, 15}
txu_dict[44, 23] = {39, 10, 47, 16, 23}
txu_dict[44, 25] = {25, 17}
txu_dict[44, 32] = {32, 33}
txu_dict[44, 39] = {47, 39}
txu_dict[44, 12] = {36, 39, 10, 12, 47, 16, 23, 26}
txu_dict[44, 26] = set()
txu_dict[44, 36] = {36, 39, 10, 47, 16, 23}
txu_dict[44, 35] = set()
txu_dict[44, 15] = set()
txu_dict[44, 16] = set()
txu_dict[44, 19] = {42, 19, 34, 15}
txu_dict[44, 49] = set()
txu_dict[44, 38] = set()
txu_dict[44, 34] = set()
txu_dict[44, 33] = set()
txu_dict[44, 47] = set()
txu_dict[44, 43] = set()
txu_dict[14, 0] = set()
txu_dict[14, 45] = {0, 43, 45}
txu_dict[14, 1] = {1, 27}
txu_dict[14, 37] = {1, 2, 3, 5, 7, 8, 9, 10, 13, 18, 19, 22, 24, 27, 28, 37, 38, 41, 48, 49}
txu_dict[14, 40] = {40, 4}
txu_dict[14, 27] = set()
txu_dict[14, 28] = set()
txu_dict[14, 2] = {41, 2, 18}
txu_dict[14, 18] = set()
txu_dict[14, 41] = set()
txu_dict[14, 21] = {0, 1, 2, 3, 4, 5, 7, 8, 9, 10, 12, 13, 18, 19, 21, 22, 23, 24, 27, 28, 36, 37, 38, 39, 40, 41, 43, 45, 48, 49}
txu_dict[14, 3] = set()
txu_dict[14, 8] = set()
txu_dict[14, 31] = set()
txu_dict[14, 17] = set()
txu_dict[14, 22] = {3, 38, 7, 8, 22, 24}
txu_dict[14, 4] = set()
txu_dict[14, 7] = set()
txu_dict[14, 5] = {10, 5}
txu_dict[14, 10] = set()
txu_dict[14, 48] = {48, 13, 10, 5}
txu_dict[14, 6] = {44, 6}
txu_dict[14, 44] = set()
txu_dict[14, 14] = {0, 1, 2, 3, 4, 5, 6, 7, 8, 9, 10, 12, 13, 14, 15, 16, 17, 18, 19, 21, 22, 23, 24, 25, 26, 27, 28, 29, 31, 32, 33, 34, 35, 36, 37, 38, 39, 40, 41, 42, 43, 44, 45, 46, 47, 48, 49}
txu_dict[14, 13] = set()
txu_dict[14, 46] = {16, 46}
txu_dict[14, 24] = {24, 8}
txu_dict[14, 29] = set()
txu_dict[14, 9] = {5, 9, 10, 13, 48}
txu_dict[14, 42] = {16, 42, 34, 46}
txu_dict[14, 23] = {39, 23}
txu_dict[14, 25] = {25, 17}
txu_dict[14, 32] = set()
txu_dict[14, 39] = set()
txu_dict[14, 12] = {0, 43, 12, 45}
txu_dict[14, 26] = set()
txu_dict[14, 36] = set()
txu_dict[14, 35] = {32, 33, 34, 35, 42, 46, 15, 47, 16, 26, 31}
txu_dict[14, 15] = {34, 42, 46, 15, 16, 31}
txu_dict[14, 16] = set()
txu_dict[14, 19] = {49, 19}
txu_dict[14, 49] = set()
txu_dict[14, 38] = set()
txu_dict[14, 34] = set()
txu_dict[14, 33] = {32, 33, 47}
txu_dict[14, 47] = set()
txu_dict[14, 43] = set()
txu_dict[13, 0] = set()
txu_dict[13, 45] = {0, 36, 43, 12, 45, 23, 26}
txu_dict[13, 1] = {1, 28}
txu_dict[13, 37] = {35, 37, 14, 19, 21, 29}
txu_dict[13, 40] = {1, 4, 40, 49, 17, 25, 28}
txu_dict[13, 27] = set()
txu_dict[13, 28] = set()
txu_dict[13, 2] = {27, 2, 18}
txu_dict[13, 18] = {18, 27}
txu_dict[13, 41] = {27, 41, 2, 18}
txu_dict[13, 21] = {29, 35, 21, 14}
txu_dict[13, 3] = {3, 31}
txu_dict[13, 8] = set()
txu_dict[13, 31] = set()
txu_dict[13, 17] = set()
txu_dict[13, 22] = {38, 3, 22, 31}
txu_dict[13, 4] = set()
txu_dict[13, 7] = set()
txu_dict[13, 5] = {32, 10, 5, 39}
txu_dict[13, 10] = {32, 10, 39}
txu_dict[13, 48] = {1, 3, 4, 5, 7, 8, 9, 10, 14, 16, 17, 19, 21, 22, 24, 25, 28, 29, 31, 32, 33, 35, 37, 38, 39, 40, 46, 47, 48, 49}
txu_dict[13, 6] = {0, 36, 6, 43, 12, 44, 45, 23, 26}
txu_dict[13, 44] = set()
txu_dict[13, 14] = {35, 29, 14}
txu_dict[13, 13] = {0, 1, 2, 3, 4, 5, 6, 7, 8, 9, 10, 12, 13, 14, 15, 16, 17, 18, 19, 21, 22, 23, 24, 25, 26, 27, 28, 29, 31, 32, 33, 34, 35, 36, 37, 38, 39, 40, 41, 42, 43, 44, 45, 46, 47, 48, 49}
txu_dict[13, 46] = {7, 8, 46, 16, 24}
txu_dict[13, 24] = {24, 8}
txu_dict[13, 29] = set()
txu_dict[13, 9] = {3, 35, 37, 38, 9, 14, 19, 21, 22, 29, 31}
txu_dict[13, 42] = {42, 34, 15}
txu_dict[13, 23] = set()
txu_dict[13, 25] = {25, 17}
txu_dict[13, 32] = set()
txu_dict[13, 39] = set()
txu_dict[13, 12] = {26, 12, 36, 23}
txu_dict[13, 26] = set()
txu_dict[13, 36] = {36, 23}
txu_dict[13, 35] = set()
txu_dict[13, 15] = set()
txu_dict[13, 16] = set()
txu_dict[13, 19] = set()
txu_dict[13, 49] = set()
txu_dict[13, 38] = set()
txu_dict[13, 34] = set()
txu_dict[13, 33] = {33, 47}
txu_dict[13, 47] = set()
txu_dict[13, 43] = set()
txu_dict[46, 0] = set()
txu_dict[46, 45] = {0, 43, 45}
txu_dict[46, 1] = {1, 27}
txu_dict[46, 37] = {21, 37}
txu_dict[46, 40] = {40, 25}
txu_dict[46, 27] = set()
txu_dict[46, 28] = {1, 27, 28}
txu_dict[46, 2] = {2, 18}
txu_dict[46, 18] = set()
txu_dict[46, 41] = {41, 2, 18}
txu_dict[46, 21] = set()
txu_dict[46, 3] = {3, 31}
txu_dict[46, 8] = {8, 3, 29, 31}
txu_dict[46, 31] = set()
txu_dict[46, 17] = set()
txu_dict[46, 22] = {38, 22}
txu_dict[46, 4] = {17, 4}
txu_dict[46, 7] = {17, 4, 7}
txu_dict[46, 5] = {32, 10, 5, 39}
txu_dict[46, 10] = {32, 10, 39}
txu_dict[46, 48] = {32, 33, 5, 6, 39, 40, 9, 10, 44, 13, 47, 48, 25}
txu_dict[46, 6] = {44, 6}
txu_dict[46, 44] = set()
txu_dict[46, 14] = set()
txu_dict[46, 13] = {44, 13, 6}
txu_dict[46, 46] = {0, 1, 2, 3, 4, 5, 6, 7, 8, 9, 10, 12, 13, 14, 15, 16, 17, 18, 19, 21, 22, 23, 24, 25, 26, 27, 28, 29, 31, 32, 33, 34, 35, 36, 37, 38, 39, 40, 41, 42, 43, 44, 45, 46, 47, 48, 49}
txu_dict[46, 24] = {2, 3, 38, 8, 41, 18, 22, 24, 29, 31}
txu_dict[46, 29] = set()
txu_dict[46, 9] = set()
txu_dict[46, 42] = {34, 35, 37, 42, 14, 15, 49, 19, 21, 26}
txu_dict[46, 23] = {0, 36, 43, 12, 45, 23}
txu_dict[46, 25] = set()
txu_dict[46, 32] = set()
txu_dict[46, 39] = set()
txu_dict[46, 12] = {0, 43, 12, 45}
txu_dict[46, 26] = set()
txu_dict[46, 36] = {0, 36, 43, 12, 45}
txu_dict[46, 35] = {26, 35, 14}
txu_dict[46, 15] = {26, 35, 14, 15}
txu_dict[46, 16] = {0, 36, 43, 12, 45, 16, 23}
txu_dict[46, 19] = {49, 21, 19, 37}
txu_dict[46, 49] = set()
txu_dict[46, 38] = set()
txu_dict[46, 34] = set()
txu_dict[46, 33] = {33, 47}
txu_dict[46, 47] = set()
txu_dict[46, 43] = set()
txu_dict[24, 0] = set()
txu_dict[24, 45] = {0, 43, 45}
txu_dict[24, 1] = set()
txu_dict[24, 37] = {0, 36, 37, 43, 12, 45, 14, 21}
txu_dict[24, 40] = {40, 25}
txu_dict[24, 27] = set()
txu_dict[24, 28] = {1, 28}
txu_dict[24, 2] = {2, 6, 44, 18, 27}
txu_dict[24, 18] = {18, 27, 44, 6}
txu_dict[24, 41] = {2, 6, 41, 44, 18, 27}
txu_dict[24, 21] = {36, 21, 14}
txu_dict[24, 3] = {17, 3, 31}
txu_dict[24, 8] = {3, 8, 17, 29, 31}
txu_dict[24, 31] = set()
txu_dict[24, 17] = set()
txu_dict[24, 22] = {0, 35, 36, 37, 38, 9, 43, 12, 45, 14, 15, 21, 22, 26}
txu_dict[24, 4] = set()
txu_dict[24, 7] = {4, 7}
txu_dict[24, 5] = {32, 10, 5, 39}
txu_dict[24, 10] = {32, 10, 39}
txu_dict[24, 48] = {32, 33, 5, 39, 40, 10, 13, 47, 48, 25}
txu_dict[24, 6] = set()
txu_dict[24, 44] = {44, 6}
txu_dict[24, 14] = set()
txu_dict[24, 13] = set()
txu_dict[24, 46] = {1, 4, 5, 7, 10, 13, 16, 19, 23, 25, 28, 32, 33, 39, 40, 42, 46, 47, 48, 49}
txu_dict[24, 24] = {0, 1, 2, 3, 4, 5, 6, 7, 8, 9, 10, 12, 13, 14, 15, 16, 17, 18, 19, 21, 22, 23, 24, 25, 26, 27, 28, 29, 31, 32, 33, 34, 35, 36, 37, 38, 39, 40, 41, 42, 43, 44, 45, 46, 47, 48, 49}
txu_dict[24, 29] = set()
txu_dict[24, 9] = set()
txu_dict[24, 42] = {49, 42, 19}
txu_dict[24, 23] = set()
txu_dict[24, 25] = set()
txu_dict[24, 32] = set()
txu_dict[24, 39] = set()
txu_dict[24, 12] = {0, 43, 12, 45}
txu_dict[24, 26] = set()
txu_dict[24, 36] = set()
txu_dict[24, 35] = {26, 35}
txu_dict[24, 15] = {26, 35, 15}
txu_dict[24, 16] = {16, 23}
txu_dict[24, 19] = {49, 19}
txu_dict[24, 49] = set()
txu_dict[24, 38] = set()
txu_dict[24, 34] = set()
txu_dict[24, 33] = {33, 47}
txu_dict[24, 47] = set()
txu_dict[24, 43] = set()
txu_dict[29, 0] = set()
txu_dict[29, 45] = {0, 43, 45}
txu_dict[29, 1] = {1, 27}
txu_dict[29, 37] = {1, 2, 37, 38, 5, 9, 13, 48, 18, 19, 22, 27, 28}
txu_dict[29, 40] = set()
txu_dict[29, 27] = set()
txu_dict[29, 28] = set()
txu_dict[29, 2] = {2, 18}
txu_dict[29, 18] = set()
txu_dict[29, 41] = set()
txu_dict[29, 21] = {0, 1, 2, 5, 9, 12, 13, 18, 19, 21, 22, 23, 27, 28, 36, 37, 38, 40, 43, 45, 48}
txu_dict[29, 3] = {17, 3, 4, 31}
txu_dict[29, 8] = {34, 3, 4, 7, 8, 41, 42, 46, 16, 17, 24, 31}
txu_dict[29, 31] = set()
txu_dict[29, 17] = {17, 4}
txu_dict[29, 22] = {38, 22}
txu_dict[29, 4] = set()
txu_dict[29, 7] = set()
txu_dict[29, 5] = set()
txu_dict[29, 10] = set()
txu_dict[29, 48] = {48, 13, 5}
txu_dict[29, 6] = {44, 6}
txu_dict[29, 44] = set()
txu_dict[29, 14] = {0, 1, 2, 5, 6, 9, 12, 13, 14, 15, 18, 19, 21, 22, 23, 25, 26, 27, 28, 35, 36, 37, 38, 40, 43, 44, 45, 48}
txu_dict[29, 13] = set()
txu_dict[29, 46] = {16, 42, 46, 7}
txu_dict[29, 24] = {34, 7, 41, 42, 46, 16, 24}
txu_dict[29, 29] = {0, 1, 2, 3, 4, 5, 6, 7, 8, 9, 10, 12, 13, 14, 15, 16, 17, 18, 19, 21, 22, 23, 24, 25, 26, 27, 28, 29, 31, 32, 33, 34, 35, 36, 37, 38, 39, 40, 41, 42, 43, 44, 45, 46, 47, 48, 49}
txu_dict[29, 9] = {48, 9, 13, 5}
txu_dict[29, 42] = set()
txu_dict[29, 23] = set()
txu_dict[29, 25] = set()
txu_dict[29, 32] = {32, 10}
txu_dict[29, 39] = set()
txu_dict[29, 12] = {0, 43, 12, 45}
txu_dict[29, 26] = set()
txu_dict[29, 36] = set()
txu_dict[29, 35] = {26, 35, 15}
txu_dict[29, 15] = set()
txu_dict[29, 16] = set()
txu_dict[29, 19] = set()
txu_dict[29, 49] = set()
txu_dict[29, 38] = set()
txu_dict[29, 34] = set()
txu_dict[29, 33] = {32, 33, 39, 10, 47, 49}
txu_dict[29, 47] = {39, 47}
txu_dict[29, 43] = set()
txu_dict[9, 0] = set()
txu_dict[9, 45] = {0, 43, 45}
txu_dict[9, 1] = {1, 27}
txu_dict[9, 37] = {0, 2, 35, 36, 37, 41, 43, 12, 45, 14, 49, 18, 19, 21, 26, 28, 29}
txu_dict[9, 40] = {1, 4, 40, 25, 27}
txu_dict[9, 27] = set()
txu_dict[9, 28] = set()
txu_dict[9, 2] = {41, 2, 18}
txu_dict[9, 18] = set()
txu_dict[9, 41] = set()
txu_dict[9, 21] = {35, 36, 14, 21, 26, 29}
txu_dict[9, 3] = {17, 3, 31}
txu_dict[9, 8] = set()
txu_dict[9, 31] = set()
txu_dict[9, 17] = set()
txu_dict[9, 22] = {34, 3, 38, 8, 42, 15, 17, 22, 24, 31}
txu_dict[9, 4] = set()
txu_dict[9, 7] = set()
txu_dict[9, 5] = {32, 5, 39, 10, 23}
txu_dict[9, 10] = {32, 10, 39, 23}
txu_dict[9, 48] = {1, 4, 5, 6, 7, 10, 13, 16, 23, 25, 27, 32, 33, 39, 40, 44, 46, 47, 48}
txu_dict[9, 6] = {44, 6}
txu_dict[9, 44] = set()
txu_dict[9, 14] = {26, 35, 29, 14}
txu_dict[9, 13] = {44, 13, 6}
txu_dict[9, 46] = {16, 46, 7}
txu_dict[9, 24] = {24, 8}
txu_dict[9, 29] = set()
txu_dict[9, 9] = {0, 1, 2, 3, 4, 5, 6, 7, 8, 9, 10, 12, 13, 14, 15, 16, 17, 18, 19, 21, 22, 23, 24, 25, 26, 27, 28, 29, 31, 32, 33, 34, 35, 36, 37, 38, 39, 40, 41, 42, 43, 44, 45, 46, 47, 48, 49}
txu_dict[9, 42] = {42, 34}
txu_dict[9, 23] = set()
txu_dict[9, 25] = set()
txu_dict[9, 32] = set()
txu_dict[9, 39] = set()
txu_dict[9, 12] = {0, 43, 12, 45}
txu_dict[9, 26] = set()
txu_dict[9, 36] = set()
txu_dict[9, 35] = {26, 35}
txu_dict[9, 15] = {42, 34, 15}
txu_dict[9, 16] = set()
txu_dict[9, 19] = {49, 19}
txu_dict[9, 49] = set()
txu_dict[9, 38] = set()
txu_dict[9, 34] = set()
txu_dict[9, 33] = {33, 47}
txu_dict[9, 47] = set()
txu_dict[9, 43] = set()
txu_dict[42, 0] = set()
txu_dict[42, 45] = {0, 43, 45}
txu_dict[42, 1] = {1, 27}
txu_dict[42, 37] = {0, 1, 2, 36, 37, 40, 41, 43, 12, 45, 18, 21, 25, 27}
txu_dict[42, 40] = {40, 25}
txu_dict[42, 27] = set()
txu_dict[42, 28] = set()
txu_dict[42, 2] = {41, 2, 18}
txu_dict[42, 18] = set()
txu_dict[42, 41] = set()
txu_dict[42, 21] = {40, 25, 36, 21}
txu_dict[42, 3] = set()
txu_dict[42, 8] = {8, 29}
txu_dict[42, 31] = set()
txu_dict[42, 17] = set()
txu_dict[42, 22] = {38, 9, 3, 22}
txu_dict[42, 4] = {17, 4}
txu_dict[42, 7] = {17, 4, 7}
txu_dict[42, 5] = set()
txu_dict[42, 10] = {32, 10, 39, 23}
txu_dict[42, 48] = {48, 5}
txu_dict[42, 6] = set()
txu_dict[42, 44] = {44, 6}
txu_dict[42, 14] = set()
txu_dict[42, 13] = set()
txu_dict[42, 46] = {4, 5, 7, 8, 46, 16, 48, 17, 24, 28, 29}
txu_dict[42, 24] = {24, 8, 29}
txu_dict[42, 29] = set()
txu_dict[42, 9] = set()
txu_dict[42, 42] = {0, 1, 2, 3, 4, 5, 6, 7, 8, 9, 10, 12, 13, 14, 15, 16, 17, 18, 19, 21, 22, 23, 24, 25, 26, 27, 28, 29, 31, 32, 33, 34, 35, 36, 37, 38, 39, 40, 41, 42, 43, 44, 45, 46, 47, 48, 49}
txu_dict[42, 23] = set()
txu_dict[42, 25] = set()
txu_dict[42, 32] = set()
txu_dict[42, 39] = set()
txu_dict[42, 12] = {0, 43, 12, 45}
txu_dict[42, 26] = set()
txu_dict[42, 36] = set()
txu_dict[42, 35] = {33, 35, 14, 47, 26}
txu_dict[42, 15] = {33, 3, 35, 38, 9, 14, 15, 47, 22, 26, 31}
txu_dict[42, 16] = set()
txu_dict[42, 19] = {0, 1, 2, 36, 37, 6, 40, 41, 43, 44, 12, 45, 49, 18, 19, 21, 25, 27}
txu_dict[42, 49] = set()
txu_dict[42, 38] = set()
txu_dict[42, 34] = set()
txu_dict[42, 33] = {33, 47}
txu_dict[42, 47] = set()
txu_dict[42, 43] = set()
txu_dict[23, 0] = set()
txu_dict[23, 45] = {0, 2, 6, 41, 43, 44, 13, 45, 18}
txu_dict[23, 1] = {1, 28}
txu_dict[23, 37] = {3, 37, 38, 19, 22, 31}
txu_dict[23, 40] = {1, 4, 40, 49, 28}
txu_dict[23, 27] = set()
txu_dict[23, 28] = set()
txu_dict[23, 2] = {41, 2}
txu_dict[23, 18] = {41, 18, 2}
txu_dict[23, 41] = set()
txu_dict[23, 21] = {35, 3, 37, 38, 14, 15, 19, 21, 22, 29, 31}
txu_dict[23, 3] = {3, 31}
txu_dict[23, 8] = set()
txu_dict[23, 31] = set()
txu_dict[23, 17] = set()
txu_dict[23, 22] = {38, 3, 22, 31}
txu_dict[23, 4] = set()
txu_dict[23, 7] = set()
txu_dict[23, 5] = {48, 9, 5}
txu_dict[23, 10] = {34, 5, 9, 10, 42, 48}
txu_dict[23, 48] = {48, 9}
txu_dict[23, 6] = {2, 6, 41, 44, 13, 18}
txu_dict[23, 44] = {41, 18, 2, 44}
txu_dict[23, 14] = {35, 29, 14, 15}
txu_dict[23, 13] = set()
txu_dict[23, 46] = {24, 8, 46, 7}
txu_dict[23, 24] = {24, 8}
txu_dict[23, 29] = set()
txu_dict[23, 9] = set()
txu_dict[23, 42] = {42, 34}
txu_dict[23, 23] = {0, 1, 2, 3, 4, 5, 6, 7, 8, 9, 10, 12, 13, 14, 15, 16, 17, 18, 19, 21, 22, 23, 24, 25, 26, 27, 28, 29, 31, 32, 33, 34, 35, 36, 37, 38, 39, 40, 41, 42, 43, 44, 45, 46, 47, 48, 49}
txu_dict[23, 25] = {1, 4, 40, 17, 49, 25, 28}
txu_dict[23, 32] = set()
txu_dict[23, 39] = {33, 47, 39}
txu_dict[23, 12] = {0, 1, 2, 4, 6, 12, 13, 17, 18, 25, 26, 28, 32, 40, 41, 43, 44, 45, 49}
txu_dict[23, 26] = set()
txu_dict[23, 36] = {0, 1, 2, 4, 6, 12, 13, 17, 18, 25, 26, 27, 28, 32, 36, 40, 41, 43, 44, 45, 49}
txu_dict[23, 35] = {35, 15}
txu_dict[23, 15] = set()
txu_dict[23, 16] = {7, 8, 46, 16, 24}
txu_dict[23, 19] = set()
txu_dict[23, 49] = set()
txu_dict[23, 38] = set()
txu_dict[23, 34] = set()
txu_dict[23, 33] = set()
txu_dict[23, 47] = {33, 47}
txu_dict[23, 43] = set()
txu_dict[25, 0] = set()
txu_dict[25, 45] = {0, 43, 45, 6}
txu_dict[25, 1] = {1, 34, 2, 41, 18, 27, 28}
txu_dict[25, 37] = {37, 38, 42, 19, 22}
txu_dict[25, 40] = {1, 2, 4, 5, 7, 8, 9, 13, 16, 18, 19, 21, 22, 24, 27, 28, 31, 33, 34, 37, 38, 40, 41, 42, 44, 46, 47, 48, 49}
txu_dict[25, 27] = {2, 41, 18, 27}
txu_dict[25, 28] = {34, 28}
txu_dict[25, 2] = {41, 2}
txu_dict[25, 18] = {41, 18, 2}
txu_dict[25, 41] = set()
txu_dict[25, 21] = {37, 38, 42, 19, 21, 22}
txu_dict[25, 3] = set()
txu_dict[25, 8] = set()
txu_dict[25, 31] = set()
txu_dict[25, 17] = {17, 3}
txu_dict[25, 22] = {38, 22}
txu_dict[25, 4] = {4, 31}
txu_dict[25, 7] = set()
txu_dict[25, 5] = set()
txu_dict[25, 10] = set()
txu_dict[25, 48] = {5, 7, 8, 9, 13, 46, 48, 16, 24}
txu_dict[25, 6] = set()
txu_dict[25, 44] = set()
txu_dict[25, 14] = {35, 29, 14, 15}
txu_dict[25, 13] = set()
txu_dict[25, 46] = {7, 8, 46, 16, 24}
txu_dict[25, 24] = {24, 8}
txu_dict[25, 29] = set()
txu_dict[25, 9] = set()
txu_dict[25, 42] = set()
txu_dict[25, 23] = {39, 23}
txu_dict[25, 25] = {0, 1, 2, 3, 4, 5, 6, 7, 8, 9, 10, 12, 13, 14, 15, 16, 17, 18, 19, 21, 22, 23, 24, 25, 26, 27, 28, 29, 31, 32, 33, 34, 35, 36, 37, 38, 39, 40, 41, 42, 43, 44, 45, 46, 47, 48, 49}
txu_dict[25, 32] = set()
txu_dict[25, 39] = set()
txu_dict[25, 12] = {32, 0, 36, 6, 39, 43, 12, 45, 23, 26}
txu_dict[25, 26] = set()
txu_dict[25, 36] = {36, 39, 23}
txu_dict[25, 35] = {35, 15}
txu_dict[25, 15] = set()
txu_dict[25, 16] = set()
txu_dict[25, 19] = {42, 19}
txu_dict[25, 49] = {49, 47, 33}
txu_dict[25, 38] = set()
txu_dict[25, 34] = set()
txu_dict[25, 33] = {33, 47}
txu_dict[25, 47] = set()
txu_dict[25, 43] = set()
txu_dict[32, 0] = set()
txu_dict[32, 45] = {0, 43, 45, 6}
txu_dict[32, 1] = {1, 34, 4, 40, 28}
txu_dict[32, 37] = {19, 37}
txu_dict[32, 40] = {40, 4}
txu_dict[32, 27] = {1, 2, 34, 4, 40, 41, 44, 18, 27, 28}
txu_dict[32, 28] = {34, 28}
txu_dict[32, 2] = {41, 2}
txu_dict[32, 18] = {41, 18, 2, 44}
txu_dict[32, 41] = set()
txu_dict[32, 21] = set()
txu_dict[32, 3] = set()
txu_dict[32, 8] = set()
txu_dict[32, 31] = set()
txu_dict[32, 17] = set()
txu_dict[32, 22] = {38, 3, 22}
txu_dict[32, 4] = set()
txu_dict[32, 7] = set()
txu_dict[32, 5] = {3, 5, 38, 7, 9, 13, 46, 48, 22, 24}
txu_dict[32, 10] = {3, 5, 38, 39, 7, 9, 10, 42, 13, 46, 48, 22, 24}
txu_dict[32, 48] = {3, 38, 7, 9, 13, 46, 48, 22, 24}
txu_dict[32, 6] = set()
txu_dict[32, 44] = set()
txu_dict[32, 14] = set()
txu_dict[32, 13] = set()
txu_dict[32, 46] = {24, 46, 7}
txu_dict[32, 24] = set()
txu_dict[32, 29] = {8, 29}
txu_dict[32, 9] = {38, 9, 3, 22}
txu_dict[32, 42] = set()
txu_dict[32, 23] = {16, 23}
txu_dict[32, 25] = {25, 17}
txu_dict[32, 32] = {0, 1, 2, 3, 4, 5, 6, 7, 8, 9, 10, 12, 13, 14, 15, 16, 17, 18, 19, 21, 22, 23, 24, 25, 26, 27, 28, 29, 31, 32, 33, 34, 35, 36, 37, 38, 39, 40, 41, 42, 43, 44, 45, 46, 47, 48, 49}
txu_dict[32, 39] = set()
txu_dict[32, 12] = {0, 36, 37, 6, 43, 12, 45, 16, 17, 19, 21, 23, 25, 26}
txu_dict[32, 26] = set()
txu_dict[32, 36] = {16, 36, 23}
txu_dict[32, 35] = {35, 31, 14, 15}
txu_dict[32, 15] = {31, 15}
txu_dict[32, 16] = set()
txu_dict[32, 19] = set()
txu_dict[32, 49] = set()
txu_dict[32, 38] = set()
txu_dict[32, 34] = set()
txu_dict[32, 33] = {33, 35, 8, 14, 47, 15, 49, 29, 31}
txu_dict[32, 47] = set()
txu_dict[32, 43] = set()
txu_dict[39, 0] = set()
txu_dict[39, 45] = {0, 2, 6, 41, 43, 44, 45, 18}
txu_dict[39, 1] = {1, 28}
txu_dict[39, 37] = {19, 37}
txu_dict[39, 40] = {40, 1, 4, 28}
txu_dict[39, 27] = set()
txu_dict[39, 28] = set()
txu_dict[39, 2] = {41, 2}
txu_dict[39, 18] = {41, 18, 2}
txu_dict[39, 41] = set()
txu_dict[39, 21] = {35, 37, 14, 19, 21}
txu_dict[39, 3] = {3, 31}
txu_dict[39, 8] = set()
txu_dict[39, 31] = set()
txu_dict[39, 17] = set()
txu_dict[39, 22] = {3, 38, 15, 22, 31}
txu_dict[39, 4] = set()
txu_dict[39, 7] = set()
txu_dict[39, 5] = {3, 5, 38, 7, 8, 9, 13, 46, 15, 48, 22, 24, 31}
txu_dict[39, 10] = {32, 34, 3, 5, 38, 7, 8, 9, 10, 42, 13, 46, 15, 48, 22, 24, 31}
txu_dict[39, 48] = {3, 38, 7, 8, 9, 13, 46, 15, 48, 22, 24, 31}
txu_dict[39, 6] = {2, 6, 41, 44, 18}
txu_dict[39, 44] = {41, 18, 2, 44}
txu_dict[39, 14] = {35, 14}
txu_dict[39, 13] = set()
txu_dict[39, 46] = {24, 8, 46, 7}
txu_dict[39, 24] = {24, 8}
txu_dict[39, 29] = set()
txu_dict[39, 9] = {3, 38, 9, 15, 22, 31}
txu_dict[39, 42] = {42, 34}
txu_dict[39, 23] = {0, 1, 2, 4, 6, 12, 14, 16, 17, 18, 19, 21, 23, 25, 26, 27, 28, 35, 36, 37, 40, 41, 43, 44, 45}
txu_dict[39, 25] = {1, 4, 40, 17, 25, 28}
txu_dict[39, 32] = set()
txu_dict[39, 39] = {0, 1, 2, 3, 4, 5, 6, 7, 8, 9, 10, 12, 13, 14, 15, 16, 17, 18, 19, 21, 22, 23, 24, 25, 26, 27, 28, 29, 31, 32, 33, 34, 35, 36, 37, 38, 39, 40, 41, 42, 43, 44, 45, 46, 47, 48, 49}
txu_dict[39, 12] = {0, 1, 2, 4, 6, 40, 41, 43, 12, 45, 44, 17, 18, 25, 26, 28}
txu_dict[39, 26] = set()
txu_dict[39, 36] = {0, 1, 2, 36, 4, 6, 40, 41, 43, 12, 45, 44, 17, 18, 25, 26, 27, 28}
txu_dict[39, 35] = set()
txu_dict[39, 15] = set()
txu_dict[39, 16] = set()
txu_dict[39, 19] = set()
txu_dict[39, 49] = set()
txu_dict[39, 38] = set()
txu_dict[39, 34] = set()
txu_dict[39, 33] = {33, 29, 49}
txu_dict[39, 47] = {33, 49, 29, 47}
txu_dict[39, 43] = set()
txu_dict[12, 0] = set()
txu_dict[12, 45] = {0, 2, 6, 41, 43, 44, 13, 45, 18}
txu_dict[12, 1] = {1, 27, 28}
txu_dict[12, 37] = {34, 3, 37, 38, 8, 9, 42, 19, 22, 24}
txu_dict[12, 40] = {1, 4, 40, 48, 49, 27, 28, 31}
txu_dict[12, 27] = set()
txu_dict[12, 28] = set()
txu_dict[12, 2] = {41, 2}
txu_dict[12, 18] = {41, 18, 2}
txu_dict[12, 41] = set()
txu_dict[12, 21] = {29, 21, 14}
txu_dict[12, 3] = set()
txu_dict[12, 8] = set()
txu_dict[12, 31] = set()
txu_dict[12, 17] = set()
txu_dict[12, 22] = {3, 38, 8, 22, 24}
txu_dict[12, 4] = {4, 31}
txu_dict[12, 7] = set()
txu_dict[12, 5] = set()
txu_dict[12, 10] = {10, 5}
txu_dict[12, 48] = set()
txu_dict[12, 6] = {2, 6, 41, 44, 13, 18}
txu_dict[12, 44] = {41, 18, 2, 44}
txu_dict[12, 14] = {29, 14}
txu_dict[12, 13] = set()
txu_dict[12, 46] = {46, 7}
txu_dict[12, 24] = {24, 8}
txu_dict[12, 29] = set()
txu_dict[12, 9] = set()
txu_dict[12, 42] = {42, 34}
txu_dict[12, 23] = {5, 39, 7, 10, 46, 47, 16, 23}
txu_dict[12, 25] = {1, 4, 40, 48, 17, 49, 25, 27, 28, 31}
txu_dict[12, 32] = {32, 33}
txu_dict[12, 39] = {47, 39}
txu_dict[12, 12] = {0, 1, 2, 3, 4, 5, 6, 7, 8, 9, 10, 12, 13, 14, 15, 16, 17, 18, 19, 21, 22, 23, 24, 25, 26, 27, 28, 29, 31, 32, 33, 34, 35, 36, 37, 38, 39, 40, 41, 42, 43, 44, 45, 46, 47, 48, 49}
txu_dict[12, 26] = {26, 35, 15}
txu_dict[12, 36] = {36, 5, 39, 7, 10, 46, 47, 16, 23}
txu_dict[12, 35] = {35, 15}
txu_dict[12, 15] = set()
txu_dict[12, 16] = {16, 46, 7}
txu_dict[12, 19] = {42, 19, 34}
txu_dict[12, 49] = set()
txu_dict[12, 38] = set()
txu_dict[12, 34] = set()
txu_dict[12, 33] = set()
txu_dict[12, 47] = set()
txu_dict[12, 43] = set()
txu_dict[26, 0] = set()
txu_dict[26, 45] = {0, 6, 43, 44, 13, 45}
txu_dict[26, 1] = {1, 27, 28}
txu_dict[26, 37] = {5, 37, 9, 48, 19}
txu_dict[26, 40] = {1, 4, 40, 27, 28}
txu_dict[26, 27] = set()
txu_dict[26, 28] = set()
txu_dict[26, 2] = {2, 18}
txu_dict[26, 18] = set()
txu_dict[26, 41] = {41, 2, 18}
txu_dict[26, 21] = {37, 5, 9, 48, 19, 21}
txu_dict[26, 3] = set()
txu_dict[26, 8] = set()
txu_dict[26, 31] = set()
txu_dict[26, 17] = set()
txu_dict[26, 22] = {3, 38, 8, 22, 24}
txu_dict[26, 4] = set()
txu_dict[26, 7] = set()
txu_dict[26, 5] = set()
txu_dict[26, 10] = set()
txu_dict[26, 48] = {48, 5}
txu_dict[26, 6] = {44, 13, 6}
txu_dict[26, 44] = set()
txu_dict[26, 14] = {37, 5, 9, 14, 48, 19, 21, 29}
txu_dict[26, 13] = set()
txu_dict[26, 46] = {46, 7}
txu_dict[26, 24] = {24, 8}
txu_dict[26, 29] = set()
txu_dict[26, 9] = {48, 9, 5}
txu_dict[26, 42] = {42, 34, 46, 7}
txu_dict[26, 23] = {16, 10, 39, 23}
txu_dict[26, 25] = {1, 4, 40, 17, 25, 27, 28}
txu_dict[26, 32] = set()
txu_dict[26, 39] = set()
txu_dict[26, 12] = {0, 1, 4, 6, 10, 12, 13, 16, 17, 23, 25, 27, 28, 32, 36, 39, 40, 43, 44, 45}
txu_dict[26, 26] = {0, 1, 2, 3, 4, 5, 6, 7, 8, 9, 10, 12, 13, 14, 15, 16, 17, 18, 19, 21, 22, 23, 24, 25, 26, 27, 28, 29, 31, 32, 33, 34, 35, 36, 37, 38, 39, 40, 41, 42, 43, 44, 45, 46, 47, 48, 49}
txu_dict[26, 36] = {36, 39, 10, 16, 23}
txu_dict[26, 35] = {3, 5, 7, 8, 9, 14, 15, 19, 21, 22, 24, 29, 31, 33, 34, 35, 37, 38, 42, 46, 47, 48}
txu_dict[26, 15] = {34, 3, 38, 7, 8, 42, 46, 15, 22, 24, 31}
txu_dict[26, 16] = set()
txu_dict[26, 19] = set()
txu_dict[26, 49] = set()
txu_dict[26, 38] = set()
txu_dict[26, 34] = set()
txu_dict[26, 33] = {33, 47}
txu_dict[26, 47] = set()
txu_dict[26, 43] = set()
txu_dict[36, 0] = set()
txu_dict[36, 45] = {0, 2, 6, 41, 43, 44, 13, 45, 18}
txu_dict[36, 1] = {1, 28}
txu_dict[36, 37] = {34, 3, 37, 38, 8, 9, 42, 19, 22, 24}
txu_dict[36, 40] = {1, 4, 40, 49, 28, 31}
txu_dict[36, 27] = set()
txu_dict[36, 28] = set()
txu_dict[36, 2] = {41, 2}
txu_dict[36, 18] = {41, 18, 2}
txu_dict[36, 41] = set()
txu_dict[36, 21] = {34, 3, 37, 38, 8, 9, 42, 14, 19, 21, 22, 24, 29}
txu_dict[36, 3] = set()
txu_dict[36, 8] = set()
txu_dict[36, 31] = set()
txu_dict[36, 17] = set()
txu_dict[36, 22] = {3, 38, 8, 22, 24}
txu_dict[36, 4] = {4, 31}
txu_dict[36, 7] = set()
txu_dict[36, 5] = {48, 5}
txu_dict[36, 10] = {48, 10, 5}
txu_dict[36, 48] = set()
txu_dict[36, 6] = {2, 6, 41, 44, 13, 18}
txu_dict[36, 44] = {41, 18, 2, 44}
txu_dict[36, 14] = {29, 14}
txu_dict[36, 13] = set()
txu_dict[36, 46] = {46, 7}
txu_dict[36, 24] = {24, 8}
txu_dict[36, 29] = set()
txu_dict[36, 9] = set()
txu_dict[36, 42] = {42, 34}
txu_dict[36, 23] = {5, 39, 7, 10, 46, 47, 16, 48, 23}
txu_dict[36, 25] = {1, 4, 40, 17, 49, 25, 28, 31}
txu_dict[36, 32] = {32, 33}
txu_dict[36, 39] = {47, 39}
txu_dict[36, 12] = {0, 1, 2, 4, 6, 12, 13, 15, 17, 18, 25, 26, 28, 31, 32, 33, 35, 40, 41, 43, 44, 45, 49}
txu_dict[36, 26] = {26, 35, 15}
txu_dict[36, 36] = {0, 1, 2, 3, 4, 5, 6, 7, 8, 9, 10, 12, 13, 14, 15, 16, 17, 18, 19, 21, 22, 23, 24, 25, 26, 27, 28, 29, 31, 32, 33, 34, 35, 36, 37, 38, 39, 40, 41, 42, 43, 44, 45, 46, 47, 48, 49}
txu_dict[36, 35] = {35, 15}
txu_dict[36, 15] = set()
txu_dict[36, 16] = {16, 46, 7}
txu_dict[36, 19] = {42, 19, 34}
txu_dict[36, 49] = set()
txu_dict[36, 38] = set()
txu_dict[36, 34] = set()
txu_dict[36, 33] = set()
txu_dict[36, 47] = set()
txu_dict[36, 43] = set()
txu_dict[35, 0] = set()
txu_dict[35, 45] = {0, 43, 45}
txu_dict[35, 1] = {1, 27}
txu_dict[35, 37] = {1, 2, 37, 5, 9, 41, 10, 13, 48, 49, 18, 19, 27, 28}
txu_dict[35, 40] = {40, 4}
txu_dict[35, 27] = set()
txu_dict[35, 28] = set()
txu_dict[35, 2] = {41, 2, 18}
txu_dict[35, 18] = set()
txu_dict[35, 41] = set()
txu_dict[35, 21] = {1, 2, 4, 5, 9, 10, 13, 18, 19, 21, 23, 27, 28, 37, 39, 40, 41, 48, 49}
txu_dict[35, 3] = set()
txu_dict[35, 8] = set()
txu_dict[35, 31] = set()
txu_dict[35, 17] = set()
txu_dict[35, 22] = {3, 38, 8, 22, 24}
txu_dict[35, 4] = set()
txu_dict[35, 7] = set()
txu_dict[35, 5] = {10, 5}
txu_dict[35, 10] = set()
txu_dict[35, 48] = {48, 13, 10, 5}
txu_dict[35, 6] = {44, 6}
txu_dict[35, 44] = set()
txu_dict[35, 14] = {1, 2, 4, 5, 6, 9, 10, 13, 14, 17, 18, 19, 21, 23, 25, 27, 28, 29, 37, 39, 40, 41, 44, 48, 49}
txu_dict[35, 13] = set()
txu_dict[35, 46] = {16, 46, 7}
txu_dict[35, 24] = {24, 8}
txu_dict[35, 29] = set()
txu_dict[35, 9] = {5, 9, 10, 13, 48}
txu_dict[35, 42] = {34, 7, 42, 46, 16}
txu_dict[35, 23] = {39, 23}
txu_dict[35, 25] = {25, 17}
txu_dict[35, 32] = set()
txu_dict[35, 39] = set()
txu_dict[35, 12] = {0, 36, 43, 12, 45}
txu_dict[35, 26] = {0, 36, 43, 12, 45, 26}
txu_dict[35, 36] = set()
txu_dict[35, 35] = {0, 1, 2, 3, 4, 5, 6, 7, 8, 9, 10, 12, 13, 14, 15, 16, 17, 18, 19, 21, 22, 23, 24, 25, 26, 27, 28, 29, 31, 32, 33, 34, 35, 36, 37, 38, 39, 40, 41, 42, 43, 44, 45, 46, 47, 48, 49}
txu_dict[35, 15] = {34, 3, 38, 7, 8, 42, 46, 15, 16, 22, 24, 31}
txu_dict[35, 16] = set()
txu_dict[35, 19] = {49, 19}
txu_dict[35, 49] = set()
txu_dict[35, 38] = set()
txu_dict[35, 34] = set()
txu_dict[35, 33] = {32, 33, 47}
txu_dict[35, 47] = set()
txu_dict[35, 43] = set()
txu_dict[15, 0] = set()
txu_dict[15, 45] = {0, 43, 45}
txu_dict[15, 1] = {1, 27}
txu_dict[15, 37] = {1, 2, 37, 41, 18, 27}
txu_dict[15, 40] = set()
txu_dict[15, 27] = set()
txu_dict[15, 28] = set()
txu_dict[15, 2] = {41, 2, 18}
txu_dict[15, 18] = set()
txu_dict[15, 41] = set()
txu_dict[15, 21] = {40, 21, 23}
txu_dict[15, 3] = {17, 3}
txu_dict[15, 8] = set()
txu_dict[15, 31] = {4, 31}
txu_dict[15, 17] = set()
txu_dict[15, 22] = {1, 2, 3, 37, 38, 5, 8, 9, 41, 10, 39, 48, 17, 18, 22, 24, 27}
txu_dict[15, 4] = set()
txu_dict[15, 7] = set()
txu_dict[15, 5] = {10, 5, 39}
txu_dict[15, 10] = {10, 39}
txu_dict[15, 48] = {48, 10, 5, 39}
txu_dict[15, 6] = set()
txu_dict[15, 44] = set()
txu_dict[15, 14] = {6, 40, 14, 21, 23, 25, 29}
txu_dict[15, 13] = set()
txu_dict[15, 46] = {16, 28, 46, 7}
txu_dict[15, 24] = {24, 8}
txu_dict[15, 29] = set()
txu_dict[15, 9] = {5, 39, 9, 10, 48}
txu_dict[15, 42] = {34, 7, 42, 44, 13, 46, 16, 49, 19, 28}
txu_dict[15, 23] = set()
txu_dict[15, 25] = set()
txu_dict[15, 32] = set()
txu_dict[15, 39] = set()
txu_dict[15, 12] = {0, 36, 43, 12, 45}
txu_dict[15, 26] = {0, 36, 43, 12, 45, 26}
txu_dict[15, 36] = set()
txu_dict[15, 35] = {32, 33, 0, 35, 36, 6, 40, 43, 12, 45, 14, 47, 21, 23, 25, 26, 29}
txu_dict[15, 15] = {0, 1, 2, 3, 4, 5, 6, 7, 8, 9, 10, 12, 13, 14, 15, 16, 17, 18, 19, 21, 22, 23, 24, 25, 26, 27, 28, 29, 31, 32, 33, 34, 35, 36, 37, 38, 39, 40, 41, 42, 43, 44, 45, 46, 47, 48, 49}
txu_dict[15, 16] = set()
txu_dict[15, 19] = {49, 19, 44}
txu_dict[15, 49] = set()
txu_dict[15, 38] = set()
txu_dict[15, 34] = set()
txu_dict[15, 33] = {32, 33, 47}
txu_dict[15, 47] = set()
txu_dict[15, 43] = set()
txu_dict[16, 0] = set()
txu_dict[16, 45] = {0, 6, 43, 44, 45}
txu_dict[16, 1] = {1, 27}
txu_dict[16, 37] = {21, 37}
txu_dict[16, 40] = {40, 25}
txu_dict[16, 27] = set()
txu_dict[16, 28] = {1, 27, 28}
txu_dict[16, 2] = {2, 18}
txu_dict[16, 18] = set()
txu_dict[16, 41] = {41, 2, 18}
txu_dict[16, 21] = set()
txu_dict[16, 3] = {3, 31}
txu_dict[16, 8] = {8, 3, 29, 31}
txu_dict[16, 31] = set()
txu_dict[16, 17] = set()
txu_dict[16, 22] = {38, 22}
txu_dict[16, 4] = {17, 4}
txu_dict[16, 7] = {17, 4, 7}
txu_dict[16, 5] = set()
txu_dict[16, 10] = set()
txu_dict[16, 48] = {33, 5, 40, 9, 13, 48, 25}
txu_dict[16, 6] = {44, 6}
txu_dict[16, 44] = set()
txu_dict[16, 14] = set()
txu_dict[16, 13] = set()
txu_dict[16, 46] = {1, 2, 3, 4, 5, 7, 8, 9, 13, 14, 15, 17, 18, 19, 21, 22, 24, 25, 27, 28, 29, 31, 33, 34, 35, 37, 38, 40, 41, 42, 46, 48, 49}
txu_dict[16, 24] = {2, 3, 38, 8, 41, 18, 22, 24, 29, 31}
txu_dict[16, 29] = set()
txu_dict[16, 9] = set()
txu_dict[16, 42] = {34, 35, 37, 42, 14, 15, 49, 19, 21}
txu_dict[16, 23] = {32, 0, 36, 6, 39, 10, 43, 12, 45, 44, 47, 23, 26}
txu_dict[16, 25] = set()
txu_dict[16, 32] = set()
txu_dict[16, 39] = {47, 39}
txu_dict[16, 12] = {32, 0, 6, 43, 12, 45, 44, 26}
txu_dict[16, 26] = set()
txu_dict[16, 36] = {32, 0, 36, 6, 43, 12, 45, 44, 26}
txu_dict[16, 35] = {35, 14}
txu_dict[16, 15] = {35, 14, 15}
txu_dict[16, 16] = {0, 1, 2, 3, 4, 5, 6, 7, 8, 9, 10, 12, 13, 14, 15, 16, 17, 18, 19, 21, 22, 23, 24, 25, 26, 27, 28, 29, 31, 32, 33, 34, 35, 36, 37, 38, 39, 40, 41, 42, 43, 44, 45, 46, 47, 48, 49}
txu_dict[16, 19] = {49, 21, 19, 37}
txu_dict[16, 49] = set()
txu_dict[16, 38] = set()
txu_dict[16, 34] = set()
txu_dict[16, 33] = set()
txu_dict[16, 47] = set()
txu_dict[16, 43] = set()
txu_dict[19, 0] = set()
txu_dict[19, 45] = {0, 43, 45}
txu_dict[19, 1] = {1, 27}
txu_dict[19, 37] = {0, 1, 2, 3, 4, 5, 9, 10, 12, 13, 14, 17, 18, 21, 22, 23, 25, 26, 27, 28, 29, 32, 35, 36, 37, 38, 39, 40, 41, 43, 45, 48}
txu_dict[19, 40] = {40, 25, 4}
txu_dict[19, 27] = set()
txu_dict[19, 28] = set()
txu_dict[19, 2] = {41, 2, 18}
txu_dict[19, 18] = set()
txu_dict[19, 41] = set()
txu_dict[19, 21] = {35, 36, 4, 39, 40, 14, 21, 23, 25, 26, 29}
txu_dict[19, 3] = {17, 3}
txu_dict[19, 8] = set()
txu_dict[19, 31] = set()
txu_dict[19, 17] = set()
txu_dict[19, 22] = {38, 17, 3, 22}
txu_dict[19, 4] = set()
txu_dict[19, 7] = set()
txu_dict[19, 5] = {10, 5}
txu_dict[19, 10] = set()
txu_dict[19, 48] = {48, 13, 10, 5}
txu_dict[19, 6] = set()
txu_dict[19, 44] = {44, 6}
txu_dict[19, 14] = {26, 35, 29, 14}
txu_dict[19, 13] = set()
txu_dict[19, 46] = {7, 8, 46, 16, 24}
txu_dict[19, 24] = {24, 8}
txu_dict[19, 29] = set()
txu_dict[19, 9] = {5, 9, 10, 13, 48}
txu_dict[19, 42] = {34, 7, 8, 42, 46, 15, 16, 24, 31}
txu_dict[19, 23] = {39, 23}
txu_dict[19, 25] = set()
txu_dict[19, 32] = set()
txu_dict[19, 39] = set()
txu_dict[19, 12] = {32, 0, 43, 12, 45}
txu_dict[19, 26] = set()
txu_dict[19, 36] = set()
txu_dict[19, 35] = {26, 35}
txu_dict[19, 15] = {31, 15}
txu_dict[19, 16] = set()
txu_dict[19, 19] = {0, 1, 2, 3, 4, 5, 6, 7, 8, 9, 10, 12, 13, 14, 15, 16, 17, 18, 19, 21, 22, 23, 24, 25, 26, 27, 28, 29, 31, 32, 33, 34, 35, 36, 37, 38, 39, 40, 41, 42, 43, 44, 45, 46, 47, 48, 49}
txu_dict[19, 49] = {49, 47, 33}
txu_dict[19, 38] = set()
txu_dict[19, 34] = set()
txu_dict[19, 33] = {33, 47}
txu_dict[19, 47] = set()
txu_dict[19, 43] = set()
txu_dict[49, 0] = set()
txu_dict[49, 45] = {0, 43, 45, 6}
txu_dict[49, 1] = {1, 2, 41, 18, 27, 28}
txu_dict[49, 37] = {3, 35, 37, 38, 9, 14, 21, 22}
txu_dict[49, 40] = {0, 1, 2, 4, 5, 6, 10, 12, 13, 17, 18, 23, 25, 27, 28, 36, 40, 41, 43, 44, 45, 48}
txu_dict[49, 27] = {2, 41, 18, 27}
txu_dict[49, 28] = set()
txu_dict[49, 2] = {41, 2}
txu_dict[49, 18] = {41, 18, 2}
txu_dict[49, 41] = set()
txu_dict[49, 21] = {35, 21, 14}
txu_dict[49, 3] = set()
txu_dict[49, 8] = set()
txu_dict[49, 31] = set()
txu_dict[49, 17] = set()
txu_dict[49, 22] = {38, 3, 22}
txu_dict[49, 4] = set()
txu_dict[49, 7] = set()
txu_dict[49, 5] = set()
txu_dict[49, 10] = set()
txu_dict[49, 48] = {48, 13, 5}
txu_dict[49, 6] = set()
txu_dict[49, 44] = set()
txu_dict[49, 14] = {35, 14}
txu_dict[49, 13] = set()
txu_dict[49, 46] = {7, 8, 46, 16, 24}
txu_dict[49, 24] = {24, 8}
txu_dict[49, 29] = set()
txu_dict[49, 9] = set()
txu_dict[49, 42] = {34, 7, 8, 42, 46, 15, 16, 24, 31}
txu_dict[49, 23] = set()
txu_dict[49, 25] = {0, 36, 6, 10, 43, 12, 45, 17, 23, 25}
txu_dict[49, 32] = set()
txu_dict[49, 39] = set()
txu_dict[49, 12] = {0, 36, 6, 43, 12, 45, 23}
txu_dict[49, 26] = set()
txu_dict[49, 36] = {36, 23}
txu_dict[49, 35] = set()
txu_dict[49, 15] = {31, 15}
txu_dict[49, 16] = set()
txu_dict[49, 19] = {34, 3, 35, 37, 38, 7, 8, 9, 42, 46, 15, 14, 16, 19, 21, 22, 24, 31}
txu_dict[49, 49] = {0, 1, 2, 3, 4, 5, 6, 7, 8, 9, 10, 12, 13, 14, 15, 16, 17, 18, 19, 21, 22, 23, 24, 25, 26, 27, 28, 29, 31, 32, 33, 34, 35, 36, 37, 38, 39, 40, 41, 42, 43, 44, 45, 46, 47, 48, 49}
txu_dict[49, 38] = set()
txu_dict[49, 34] = set()
txu_dict[49, 33] = {32, 33, 39, 47, 29}
txu_dict[49, 47] = {39, 47}
txu_dict[49, 43] = set()
txu_dict[38, 0] = set()
txu_dict[38, 45] = {0, 43, 45, 6}
txu_dict[38, 1] = {1, 27}
txu_dict[38, 37] = {0, 1, 2, 6, 12, 14, 18, 19, 21, 23, 25, 27, 28, 29, 36, 37, 40, 41, 43, 44, 45, 49}
txu_dict[38, 40] = {40, 25}
txu_dict[38, 27] = set()
txu_dict[38, 28] = set()
txu_dict[38, 2] = {41, 2, 18, 44}
txu_dict[38, 18] = {18, 44}
txu_dict[38, 41] = set()
txu_dict[38, 21] = {36, 40, 14, 21, 23, 25, 29}
txu_dict[38, 3] = {17, 3, 4, 31}
txu_dict[38, 8] = set()
txu_dict[38, 31] = set()
txu_dict[38, 17] = {17, 4}
txu_dict[38, 22] = {0, 1, 2, 3, 4, 5, 6, 7, 8, 9, 10, 12, 13, 14, 15, 16, 17, 18, 19, 21, 22, 23, 24, 25, 26, 27, 28, 29, 31, 32, 33, 34, 35, 36, 37, 39, 40, 41, 42, 43, 44, 45, 46, 47, 48, 49}
txu_dict[38, 4] = set()
txu_dict[38, 7] = set()
txu_dict[38, 5] = {32, 10, 5, 39}
txu_dict[38, 10] = {32, 10, 39}
txu_dict[38, 48] = {32, 33, 5, 39, 10, 13, 47, 48}
txu_dict[38, 6] = set()
txu_dict[38, 44] = set()
txu_dict[38, 14] = {29, 14}
txu_dict[38, 13] = set()
txu_dict[38, 46] = {16, 46}
txu_dict[38, 24] = {24, 8, 46, 16}
txu_dict[38, 29] = set()
txu_dict[38, 9] = {32, 33, 5, 39, 9, 10, 13, 47, 48}
txu_dict[38, 42] = {42, 34}
txu_dict[38, 23] = set()
txu_dict[38, 25] = set()
txu_dict[38, 32] = set()
txu_dict[38, 39] = set()
txu_dict[38, 12] = {0, 6, 43, 12, 45}
txu_dict[38, 26] = set()
txu_dict[38, 36] = set()
txu_dict[38, 35] = {26, 35}
txu_dict[38, 15] = {34, 35, 42, 15, 26}
txu_dict[38, 16] = set()
txu_dict[38, 19] = {49, 19}
txu_dict[38, 49] = set()
txu_dict[38, 38] = {0, 1, 2, 3, 4, 5, 6, 7, 8, 9, 10, 12, 13, 14, 15, 16, 17, 18, 19, 21, 22, 23, 24, 25, 26, 27, 28, 29, 31, 32, 33, 34, 35, 36, 37, 38, 39, 40, 41, 42, 43, 44, 45, 46, 47, 48, 49}
txu_dict[38, 34] = set()
txu_dict[38, 33] = {33, 47}
txu_dict[38, 47] = set()
txu_dict[38, 43] = set()
txu_dict[34, 0] = set()
txu_dict[34, 45] = {0, 43, 45}
txu_dict[34, 1] = {32, 1, 40, 18, 25, 27}
txu_dict[34, 37] = {0, 2, 36, 37, 43, 12, 45, 21}
txu_dict[34, 40] = {40, 25}
txu_dict[34, 27] = {32, 18, 27}
txu_dict[34, 28] = {32, 1, 40, 18, 25, 27, 28}
txu_dict[34, 2] = set()
txu_dict[34, 18] = set()
txu_dict[34, 41] = set()
txu_dict[34, 21] = {36, 21}
txu_dict[34, 3] = {17, 3}
txu_dict[34, 8] = {8, 17, 3, 29}
txu_dict[34, 31] = set()
txu_dict[34, 17] = set()
txu_dict[34, 22] = {38, 9, 22}
txu_dict[34, 4] = set()
txu_dict[34, 7] = {4, 7}
txu_dict[34, 5] = set()
txu_dict[34, 10] = {10, 39, 23}
txu_dict[34, 48] = {48, 5}
txu_dict[34, 6] = set()
txu_dict[34, 44] = {44, 6}
txu_dict[34, 14] = set()
txu_dict[34, 13] = set()
txu_dict[34, 46] = {4, 5, 7, 46, 16, 48}
txu_dict[34, 24] = {3, 8, 41, 17, 24, 29}
txu_dict[34, 29] = set()
txu_dict[34, 9] = set()
txu_dict[34, 42] = {0, 2, 4, 5, 6, 7, 9, 10, 12, 13, 14, 15, 16, 19, 21, 22, 23, 26, 31, 33, 35, 36, 37, 38, 39, 42, 43, 44, 45, 46, 47, 48, 49}
txu_dict[34, 23] = set()
txu_dict[34, 25] = set()
txu_dict[34, 32] = set()
txu_dict[34, 39] = set()
txu_dict[34, 12] = {0, 43, 12, 45}
txu_dict[34, 26] = set()
txu_dict[34, 36] = set()
txu_dict[34, 35] = {33, 35, 14, 47, 26}
txu_dict[34, 15] = {33, 35, 38, 9, 14, 15, 47, 22, 26, 31}
txu_dict[34, 16] = set()
txu_dict[34, 19] = {0, 2, 36, 37, 6, 43, 44, 12, 45, 49, 19, 21}
txu_dict[34, 49] = set()
txu_dict[34, 38] = set()
txu_dict[34, 34] = {0, 1, 2, 3, 4, 5, 6, 7, 8, 9, 10, 12, 13, 14, 15, 16, 17, 18, 19, 21, 22, 23, 24, 25, 26, 27, 28, 29, 31, 32, 33, 34, 35, 36, 37, 38, 39, 40, 41, 42, 43, 44, 45, 46, 47, 48, 49}
txu_dict[34, 33] = {33, 47}
txu_dict[34, 47] = set()
txu_dict[34, 43] = set()
txu_dict[33, 0] = set()
txu_dict[33, 45] = {0, 43, 45, 6}
txu_dict[33, 1] = {1, 28}
txu_dict[33, 37] = set()
txu_dict[33, 40] = {40, 25, 4, 17}
txu_dict[33, 27] = {1, 2, 41, 44, 18, 27, 28}
txu_dict[33, 28] = set()
txu_dict[33, 2] = {41, 2}
txu_dict[33, 18] = {41, 18, 2, 44}
txu_dict[33, 41] = set()
txu_dict[33, 21] = {37, 21}
txu_dict[33, 3] = set()
txu_dict[33, 8] = {8, 3}
txu_dict[33, 31] = set()
txu_dict[33, 17] = set()
txu_dict[33, 22] = {38, 22}
txu_dict[33, 4] = set()
txu_dict[33, 7] = set()
txu_dict[33, 5] = set()
txu_dict[33, 10] = set()
txu_dict[33, 48] = {5, 38, 7, 9, 13, 46, 48, 16, 22, 24}
txu_dict[33, 6] = set()
txu_dict[33, 44] = set()
txu_dict[33, 14] = {37, 21, 14}
txu_dict[33, 13] = set()
txu_dict[33, 46] = {16, 24, 46, 7}
txu_dict[33, 24] = set()
txu_dict[33, 29] = {8, 3, 29}
txu_dict[33, 9] = {38, 9, 22}
txu_dict[33, 42] = {42, 34}
txu_dict[33, 23] = set()
txu_dict[33, 25] = {25, 17}
txu_dict[33, 32] = {32, 1, 0, 2, 36, 6, 41, 10, 43, 12, 45, 44, 18, 27, 28}
txu_dict[33, 39] = {23, 39}
txu_dict[33, 12] = {0, 36, 6, 43, 12, 45}
txu_dict[33, 26] = set()
txu_dict[33, 36] = set()
txu_dict[33, 35] = {34, 35, 37, 42, 14, 15, 21, 26, 31}
txu_dict[33, 15] = {42, 31, 34, 15}
txu_dict[33, 16] = set()
txu_dict[33, 19] = set()
txu_dict[33, 49] = {4, 40, 49, 17, 19, 25}
txu_dict[33, 38] = set()
txu_dict[33, 34] = set()
txu_dict[33, 33] = {0, 1, 2, 3, 4, 5, 6, 7, 8, 9, 10, 12, 13, 14, 15, 16, 17, 18, 19, 21, 22, 23, 24, 25, 26, 27, 28, 29, 31, 32, 33, 34, 35, 36, 37, 38, 39, 40, 41, 42, 43, 44, 45, 46, 47, 48, 49}
txu_dict[33, 47] = {23, 39, 47}
txu_dict[33, 43] = set()
txu_dict[47, 0] = set()
txu_dict[47, 45] = {0, 6, 43, 44, 45}
txu_dict[47, 1] = {1, 28}
txu_dict[47, 37] = set()
txu_dict[47, 40] = {40, 25, 4, 17}
txu_dict[47, 27] = {1, 2, 41, 18, 27, 28}
txu_dict[47, 28] = set()
txu_dict[47, 2] = {41, 2}
txu_dict[47, 18] = {41, 18, 2}
txu_dict[47, 41] = set()
txu_dict[47, 21] = {37, 21}
txu_dict[47, 3] = set()
txu_dict[47, 8] = {8, 3}
txu_dict[47, 31] = set()
txu_dict[47, 17] = set()
txu_dict[47, 22] = {38, 22}
txu_dict[47, 4] = set()
txu_dict[47, 7] = set()
txu_dict[47, 5] = set()
txu_dict[47, 10] = set()
txu_dict[47, 48] = {5, 38, 7, 9, 13, 46, 48, 22, 24}
txu_dict[47, 6] = {44, 6}
txu_dict[47, 44] = set()
txu_dict[47, 14] = {37, 21, 14}
txu_dict[47, 13] = set()
txu_dict[47, 46] = {24, 46, 7}
txu_dict[47, 24] = set()
txu_dict[47, 29] = {8, 3, 29}
txu_dict[47, 9] = {38, 9, 22}
txu_dict[47, 42] = {42, 34}
txu_dict[47, 23] = {0, 36, 6, 43, 12, 45, 44, 16, 23}
txu_dict[47, 25] = {25, 17}
txu_dict[47, 32] = {32, 1, 2, 41, 18, 27, 28}
txu_dict[47, 39] = {0, 36, 6, 39, 10, 43, 12, 45, 44, 16, 23}
txu_dict[47, 12] = {0, 6, 43, 12, 45, 44}
txu_dict[47, 26] = set()
txu_dict[47, 36] = {0, 36, 6, 43, 12, 45, 44}
txu_dict[47, 35] = {34, 35, 37, 42, 14, 15, 21, 26, 31}
txu_dict[47, 15] = {42, 31, 34, 15}
txu_dict[47, 16] = set()
txu_dict[47, 19] = set()
txu_dict[47, 49] = {4, 40, 49, 17, 19, 25}
txu_dict[47, 38] = set()
txu_dict[47, 34] = set()
txu_dict[47, 33] = {1, 2, 3, 4, 5, 7, 8, 9, 13, 14, 15, 17, 18, 19, 21, 22, 24, 25, 26, 27, 28, 29, 31, 32, 33, 34, 35, 37, 38, 40, 41, 42, 46, 48, 49}
txu_dict[47, 47] = {0, 1, 2, 3, 4, 5, 6, 7, 8, 9, 10, 12, 13, 14, 15, 16, 17, 18, 19, 21, 22, 23, 24, 25, 26, 27, 28, 29, 31, 32, 33, 34, 35, 36, 37, 38, 39, 40, 41, 42, 43, 44, 45, 46, 47, 48, 49}
txu_dict[47, 43] = set()
txu_dict[43, 0] = set()
txu_dict[43, 45] = {0, 1, 2, 3, 4, 5, 6, 7, 8, 9, 10, 12, 13, 14, 15, 16, 17, 18, 19, 21, 22, 23, 24, 25, 26, 27, 28, 29, 31, 32, 33, 34, 35, 36, 37, 38, 39, 40, 41, 42, 44, 45, 46, 47, 48, 49}
txu_dict[43, 1] = {1, 28}
txu_dict[43, 37] = {34, 3, 37, 38, 8, 9, 42, 19, 22, 24}
txu_dict[43, 40] = {1, 4, 40, 49, 28, 31}
txu_dict[43, 27] = set()
txu_dict[43, 28] = set()
txu_dict[43, 2] = {41, 2}
txu_dict[43, 18] = {27, 41, 18, 2}
txu_dict[43, 41] = set()
txu_dict[43, 21] = {29, 21, 14}
txu_dict[43, 3] = set()
txu_dict[43, 8] = set()
txu_dict[43, 31] = set()
txu_dict[43, 17] = set()
txu_dict[43, 22] = {3, 38, 8, 22, 24}
txu_dict[43, 4] = {4, 31}
txu_dict[43, 7] = set()
txu_dict[43, 5] = set()
txu_dict[43, 10] = {10, 5}
txu_dict[43, 48] = set()
txu_dict[43, 6] = {2, 6, 41, 44, 13, 48, 18, 27}
txu_dict[43, 44] = {2, 41, 44, 18, 27}
txu_dict[43, 14] = {29, 14}
txu_dict[43, 13] = {48, 13}
txu_dict[43, 46] = {46, 7}
txu_dict[43, 24] = {24, 8}
txu_dict[43, 29] = set()
txu_dict[43, 9] = set()
txu_dict[43, 42] = {42, 34}
txu_dict[43, 23] = {5, 39, 7, 10, 46, 47, 16, 23}
txu_dict[43, 25] = {1, 4, 40, 17, 49, 25, 28, 31}
txu_dict[43, 32] = {32, 33}
txu_dict[43, 39] = {47, 39}
txu_dict[43, 12] = {1, 3, 4, 5, 7, 8, 9, 10, 12, 14, 15, 16, 17, 19, 21, 22, 23, 24, 25, 26, 28, 29, 31, 32, 33, 34, 35, 36, 37, 38, 39, 40, 42, 46, 47, 49}
txu_dict[43, 26] = {26, 35, 15}
txu_dict[43, 36] = {36, 5, 39, 7, 10, 46, 47, 16, 23}
txu_dict[43, 35] = {35, 15}
txu_dict[43, 15] = set()
txu_dict[43, 16] = {16, 46, 7}
txu_dict[43, 19] = {42, 19, 34}
txu_dict[43, 49] = set()
txu_dict[43, 38] = set()
txu_dict[43, 34] = set()
txu_dict[43, 33] = set()
txu_dict[43, 47] = set()
txu_dict[43, 43] = {0, 1, 2, 3, 4, 5, 6, 7, 8, 9, 10, 12, 13, 14, 15, 16, 17, 18, 19, 21, 22, 23, 24, 25, 26, 27, 28, 29, 31, 32, 33, 34, 35, 36, 37, 38, 39, 40, 41, 42, 43, 44, 45, 46, 47, 48, 49}
Time taken to compute BFS trees: 1.13 seconds
